{"uid":"7bdc051c99621d4a","name":"Duplicate Account Number is not allowed","fullName":"Tests.BankApp.BankAppListRefresh.duplicateAccountNotAllowed","historyId":"77676334c025875f3facf8bbef70d91b","time":{"start":1761137656631,"stop":1761137675012,"duration":18381},"status":"broken","statusMessage":"element click intercepted: Element <button type=\"button\" class=\"_button_1qmla_5 _showLabel_1qmla_53\" data-testid=\"Table::ToolbarButton::Add Bank\" aria-label=\"\" style=\"--retool-toolbar-button-border-radius: 4px; --retool-toolbar-button-color: #0d0d0dff; --retool-toolbar-button-hover-background: #00000006; --retool-toolbar-button-active-background: #3170f91a; --retool-toolbar-button-accent: #3170f9;\">...</button> is not clickable at point (1326, 261). Other element would receive the click: <div data-testid=\"FetchingMask::WidgetFetchingMask\" class=\"fetching-mask  fetching\">...</div>\n  (Session info: chrome=140.0.7339.207)\nBuild info: version: '4.37.0', revision: '3c1da1e342'\nSystem info: os.name: 'Linux', os.arch: 'amd64', os.version: '6.11.0-1018-azure', java.version: '22.0.2'\nDriver info: org.openqa.selenium.chrome.ChromeDriver\nCommand: [b2b1cc54b9e12569a4e7fc83b9a53784, clickElement {id=f.6B23FD438B306EF01DA6B21479C7AF54.d.E69BD90DC8601FE7DA3A17FA23765A72.e.806}]\nCapabilities {acceptInsecureCerts: false, browserName: chrome, browserVersion: 140.0.7339.207, chrome: {chromedriverVersion: 140.0.7339.207 (17230b545fd..., userDataDir: /tmp/chrome-profile-1761137...}, fedcm:accounts: true, goog:chromeOptions: {debuggerAddress: localhost:40245}, networkConnectionEnabled: false, pageLoadStrategy: normal, platformName: linux, proxy: Proxy(), se:cdp: ws://localhost:40245/devtoo..., se:cdpVersion: 140.0.7339.207, setWindowRect: true, strictFileInteractability: false, timeouts: {implicit: 0, pageLoad: 300000, script: 30000}, unhandledPromptBehavior: dismiss and notify, webauthn:extension:credBlob: true, webauthn:extension:largeBlob: true, webauthn:extension:minPinLength: true, webauthn:extension:prf: true, webauthn:virtualAuthenticators: true}\nElement: [[ChromeDriver: chrome on linux (b2b1cc54b9e12569a4e7fc83b9a53784)] -> xpath: //button[text()='Add Bank']]\nSession ID: b2b1cc54b9e12569a4e7fc83b9a53784","statusTrace":"org.openqa.selenium.ElementClickInterceptedException: element click intercepted: Element <button type=\"button\" class=\"_button_1qmla_5 _showLabel_1qmla_53\" data-testid=\"Table::ToolbarButton::Add Bank\" aria-label=\"\" style=\"--retool-toolbar-button-border-radius: 4px; --retool-toolbar-button-color: #0d0d0dff; --retool-toolbar-button-hover-background: #00000006; --retool-toolbar-button-active-background: #3170f91a; --retool-toolbar-button-accent: #3170f9;\">...</button> is not clickable at point (1326, 261). Other element would receive the click: <div data-testid=\"FetchingMask::WidgetFetchingMask\" class=\"fetching-mask  fetching\">...</div>\n  (Session info: chrome=140.0.7339.207)\nBuild info: version: '4.37.0', revision: '3c1da1e342'\nSystem info: os.name: 'Linux', os.arch: 'amd64', os.version: '6.11.0-1018-azure', java.version: '22.0.2'\nDriver info: org.openqa.selenium.chrome.ChromeDriver\nCommand: [b2b1cc54b9e12569a4e7fc83b9a53784, clickElement {id=f.6B23FD438B306EF01DA6B21479C7AF54.d.E69BD90DC8601FE7DA3A17FA23765A72.e.806}]\nCapabilities {acceptInsecureCerts: false, browserName: chrome, browserVersion: 140.0.7339.207, chrome: {chromedriverVersion: 140.0.7339.207 (17230b545fd..., userDataDir: /tmp/chrome-profile-1761137...}, fedcm:accounts: true, goog:chromeOptions: {debuggerAddress: localhost:40245}, networkConnectionEnabled: false, pageLoadStrategy: normal, platformName: linux, proxy: Proxy(), se:cdp: ws://localhost:40245/devtoo..., se:cdpVersion: 140.0.7339.207, setWindowRect: true, strictFileInteractability: false, timeouts: {implicit: 0, pageLoad: 300000, script: 30000}, unhandledPromptBehavior: dismiss and notify, webauthn:extension:credBlob: true, webauthn:extension:largeBlob: true, webauthn:extension:minPinLength: true, webauthn:extension:prf: true, webauthn:virtualAuthenticators: true}\nElement: [[ChromeDriver: chrome on linux (b2b1cc54b9e12569a4e7fc83b9a53784)] -> xpath: //button[text()='Add Bank']]\nSession ID: b2b1cc54b9e12569a4e7fc83b9a53784\n\tat java.base/jdk.internal.reflect.DirectConstructorHandleAccessor.newInstance(DirectConstructorHandleAccessor.java:62)\n\tat java.base/java.lang.reflect.Constructor.newInstanceWithCaller(Constructor.java:502)\n\tat java.base/java.lang.reflect.Constructor.newInstance(Constructor.java:486)\n\tat org.openqa.selenium.remote.ErrorCodec.decode(ErrorCodec.java:167)\n\tat org.openqa.selenium.remote.codec.w3c.W3CHttpResponseCodec.decode(W3CHttpResponseCodec.java:138)\n\tat org.openqa.selenium.remote.codec.w3c.W3CHttpResponseCodec.decode(W3CHttpResponseCodec.java:50)\n\tat org.openqa.selenium.remote.HttpCommandExecutor.execute(HttpCommandExecutor.java:215)\n\tat org.openqa.selenium.remote.service.DriverCommandExecutor.invokeExecute(DriverCommandExecutor.java:216)\n\tat org.openqa.selenium.remote.service.DriverCommandExecutor.execute(DriverCommandExecutor.java:174)\n\tat org.openqa.selenium.remote.RemoteWebDriver.execute(RemoteWebDriver.java:557)\n\tat org.openqa.selenium.remote.RemoteWebElement.execute(RemoteWebElement.java:223)\n\tat org.openqa.selenium.remote.RemoteWebElement.click(RemoteWebElement.java:76)\n\tat Pages.BankApp.BankAppRefreshListPage.safeClick(BankAppRefreshListPage.java:75)\n\tat Pages.BankApp.BankAppRefreshListPage.openAddBankModal(BankAppRefreshListPage.java:113)\n\tat Pages.BankApp.BankAppRefreshListPage.addBank_DuplicateAccount_Block(BankAppRefreshListPage.java:457)\n\tat Tests.BankApp.BankAppListRefresh.duplicateAccountNotAllowed(BankAppListRefresh.java:163)\n\tat java.base/jdk.internal.reflect.DirectMethodHandleAccessor.invoke(DirectMethodHandleAccessor.java:103)\n\tat java.base/java.lang.reflect.Method.invoke(Method.java:580)\n\tat org.testng.internal.invokers.MethodInvocationHelper.invokeMethod(MethodInvocationHelper.java:141)\n\tat org.testng.internal.invokers.TestInvoker.invokeMethod(TestInvoker.java:686)\n\tat org.testng.internal.invokers.TestInvoker.invokeTestMethod(TestInvoker.java:230)\n\tat org.testng.internal.invokers.MethodRunner.runInSequence(MethodRunner.java:63)\n\tat org.testng.internal.invokers.TestInvoker$MethodInvocationAgent.invoke(TestInvoker.java:992)\n\tat org.testng.internal.invokers.TestInvoker.invokeTestMethods(TestInvoker.java:203)\n\tat org.testng.internal.invokers.TestMethodWorker.invokeTestMethods(TestMethodWorker.java:154)\n\tat org.testng.internal.invokers.TestMethodWorker.run(TestMethodWorker.java:134)\n\tat java.base/java.util.ArrayList.forEach(ArrayList.java:1597)\n\tat org.testng.TestRunner.privateRun(TestRunner.java:739)\n\tat org.testng.TestRunner.run(TestRunner.java:614)\n\tat org.testng.SuiteRunner.runTest(SuiteRunner.java:421)\n\tat org.testng.SuiteRunner.runSequentially(SuiteRunner.java:413)\n\tat org.testng.SuiteRunner.privateRun(SuiteRunner.java:373)\n\tat org.testng.SuiteRunner.run(SuiteRunner.java:312)\n\tat org.testng.SuiteRunnerWorker.runSuite(SuiteRunnerWorker.java:52)\n\tat org.testng.SuiteRunnerWorker.run(SuiteRunnerWorker.java:95)\n\tat org.testng.TestNG.runSuitesSequentially(TestNG.java:1274)\n\tat org.testng.TestNG.runSuitesLocally(TestNG.java:1208)\n\tat org.testng.TestNG.runSuites(TestNG.java:1112)\n\tat org.testng.TestNG.run(TestNG.java:1079)\n\tat org.apache.maven.surefire.testng.TestNGExecutor.run(TestNGExecutor.java:308)\n\tat org.apache.maven.surefire.testng.TestNGXmlTestSuite.execute(TestNGXmlTestSuite.java:71)\n\tat org.apache.maven.surefire.testng.TestNGProvider.invoke(TestNGProvider.java:113)\n\tat org.apache.maven.surefire.booter.ForkedBooter.runSuitesInProcess(ForkedBooter.java:385)\n\tat org.apache.maven.surefire.booter.ForkedBooter.execute(ForkedBooter.java:162)\n\tat org.apache.maven.surefire.booter.ForkedBooter.run(ForkedBooter.java:507)\n\tat org.apache.maven.surefire.booter.ForkedBooter.main(ForkedBooter.java:495)\n","flaky":false,"newFailed":false,"newBroken":true,"newPassed":false,"retriesCount":0,"retriesStatusChange":false,"beforeStages":[{"name":"beforeEachClass","time":{"start":1761137559532,"stop":1761137560889,"duration":1357},"description":"","status":"passed","steps":[],"attachments":[],"parameters":[],"shouldDisplayMessage":false,"stepsCount":0,"attachmentsCount":0,"hasContent":false,"attachmentStep":false},{"name":"beforeEachTest","time":{"start":1761137654024,"stop":1761137656629,"duration":2605},"description":"","status":"passed","steps":[],"attachments":[],"parameters":[],"shouldDisplayMessage":false,"stepsCount":0,"attachmentsCount":0,"hasContent":false,"attachmentStep":false}],"testStage":{"status":"broken","statusMessage":"element click intercepted: Element <button type=\"button\" class=\"_button_1qmla_5 _showLabel_1qmla_53\" data-testid=\"Table::ToolbarButton::Add Bank\" aria-label=\"\" style=\"--retool-toolbar-button-border-radius: 4px; --retool-toolbar-button-color: #0d0d0dff; --retool-toolbar-button-hover-background: #00000006; --retool-toolbar-button-active-background: #3170f91a; --retool-toolbar-button-accent: #3170f9;\">...</button> is not clickable at point (1326, 261). Other element would receive the click: <div data-testid=\"FetchingMask::WidgetFetchingMask\" class=\"fetching-mask  fetching\">...</div>\n  (Session info: chrome=140.0.7339.207)\nBuild info: version: '4.37.0', revision: '3c1da1e342'\nSystem info: os.name: 'Linux', os.arch: 'amd64', os.version: '6.11.0-1018-azure', java.version: '22.0.2'\nDriver info: org.openqa.selenium.chrome.ChromeDriver\nCommand: [b2b1cc54b9e12569a4e7fc83b9a53784, clickElement {id=f.6B23FD438B306EF01DA6B21479C7AF54.d.E69BD90DC8601FE7DA3A17FA23765A72.e.806}]\nCapabilities {acceptInsecureCerts: false, browserName: chrome, browserVersion: 140.0.7339.207, chrome: {chromedriverVersion: 140.0.7339.207 (17230b545fd..., userDataDir: /tmp/chrome-profile-1761137...}, fedcm:accounts: true, goog:chromeOptions: {debuggerAddress: localhost:40245}, networkConnectionEnabled: false, pageLoadStrategy: normal, platformName: linux, proxy: Proxy(), se:cdp: ws://localhost:40245/devtoo..., se:cdpVersion: 140.0.7339.207, setWindowRect: true, strictFileInteractability: false, timeouts: {implicit: 0, pageLoad: 300000, script: 30000}, unhandledPromptBehavior: dismiss and notify, webauthn:extension:credBlob: true, webauthn:extension:largeBlob: true, webauthn:extension:minPinLength: true, webauthn:extension:prf: true, webauthn:virtualAuthenticators: true}\nElement: [[ChromeDriver: chrome on linux (b2b1cc54b9e12569a4e7fc83b9a53784)] -> xpath: //button[text()='Add Bank']]\nSession ID: b2b1cc54b9e12569a4e7fc83b9a53784","statusTrace":"org.openqa.selenium.ElementClickInterceptedException: element click intercepted: Element <button type=\"button\" class=\"_button_1qmla_5 _showLabel_1qmla_53\" data-testid=\"Table::ToolbarButton::Add Bank\" aria-label=\"\" style=\"--retool-toolbar-button-border-radius: 4px; --retool-toolbar-button-color: #0d0d0dff; --retool-toolbar-button-hover-background: #00000006; --retool-toolbar-button-active-background: #3170f91a; --retool-toolbar-button-accent: #3170f9;\">...</button> is not clickable at point (1326, 261). Other element would receive the click: <div data-testid=\"FetchingMask::WidgetFetchingMask\" class=\"fetching-mask  fetching\">...</div>\n  (Session info: chrome=140.0.7339.207)\nBuild info: version: '4.37.0', revision: '3c1da1e342'\nSystem info: os.name: 'Linux', os.arch: 'amd64', os.version: '6.11.0-1018-azure', java.version: '22.0.2'\nDriver info: org.openqa.selenium.chrome.ChromeDriver\nCommand: [b2b1cc54b9e12569a4e7fc83b9a53784, clickElement {id=f.6B23FD438B306EF01DA6B21479C7AF54.d.E69BD90DC8601FE7DA3A17FA23765A72.e.806}]\nCapabilities {acceptInsecureCerts: false, browserName: chrome, browserVersion: 140.0.7339.207, chrome: {chromedriverVersion: 140.0.7339.207 (17230b545fd..., userDataDir: /tmp/chrome-profile-1761137...}, fedcm:accounts: true, goog:chromeOptions: {debuggerAddress: localhost:40245}, networkConnectionEnabled: false, pageLoadStrategy: normal, platformName: linux, proxy: Proxy(), se:cdp: ws://localhost:40245/devtoo..., se:cdpVersion: 140.0.7339.207, setWindowRect: true, strictFileInteractability: false, timeouts: {implicit: 0, pageLoad: 300000, script: 30000}, unhandledPromptBehavior: dismiss and notify, webauthn:extension:credBlob: true, webauthn:extension:largeBlob: true, webauthn:extension:minPinLength: true, webauthn:extension:prf: true, webauthn:virtualAuthenticators: true}\nElement: [[ChromeDriver: chrome on linux (b2b1cc54b9e12569a4e7fc83b9a53784)] -> xpath: //button[text()='Add Bank']]\nSession ID: b2b1cc54b9e12569a4e7fc83b9a53784\n\tat java.base/jdk.internal.reflect.DirectConstructorHandleAccessor.newInstance(DirectConstructorHandleAccessor.java:62)\n\tat java.base/java.lang.reflect.Constructor.newInstanceWithCaller(Constructor.java:502)\n\tat java.base/java.lang.reflect.Constructor.newInstance(Constructor.java:486)\n\tat org.openqa.selenium.remote.ErrorCodec.decode(ErrorCodec.java:167)\n\tat org.openqa.selenium.remote.codec.w3c.W3CHttpResponseCodec.decode(W3CHttpResponseCodec.java:138)\n\tat org.openqa.selenium.remote.codec.w3c.W3CHttpResponseCodec.decode(W3CHttpResponseCodec.java:50)\n\tat org.openqa.selenium.remote.HttpCommandExecutor.execute(HttpCommandExecutor.java:215)\n\tat org.openqa.selenium.remote.service.DriverCommandExecutor.invokeExecute(DriverCommandExecutor.java:216)\n\tat org.openqa.selenium.remote.service.DriverCommandExecutor.execute(DriverCommandExecutor.java:174)\n\tat org.openqa.selenium.remote.RemoteWebDriver.execute(RemoteWebDriver.java:557)\n\tat org.openqa.selenium.remote.RemoteWebElement.execute(RemoteWebElement.java:223)\n\tat org.openqa.selenium.remote.RemoteWebElement.click(RemoteWebElement.java:76)\n\tat Pages.BankApp.BankAppRefreshListPage.safeClick(BankAppRefreshListPage.java:75)\n\tat Pages.BankApp.BankAppRefreshListPage.openAddBankModal(BankAppRefreshListPage.java:113)\n\tat Pages.BankApp.BankAppRefreshListPage.addBank_DuplicateAccount_Block(BankAppRefreshListPage.java:457)\n\tat Tests.BankApp.BankAppListRefresh.duplicateAccountNotAllowed(BankAppListRefresh.java:163)\n\tat java.base/jdk.internal.reflect.DirectMethodHandleAccessor.invoke(DirectMethodHandleAccessor.java:103)\n\tat java.base/java.lang.reflect.Method.invoke(Method.java:580)\n\tat org.testng.internal.invokers.MethodInvocationHelper.invokeMethod(MethodInvocationHelper.java:141)\n\tat org.testng.internal.invokers.TestInvoker.invokeMethod(TestInvoker.java:686)\n\tat org.testng.internal.invokers.TestInvoker.invokeTestMethod(TestInvoker.java:230)\n\tat org.testng.internal.invokers.MethodRunner.runInSequence(MethodRunner.java:63)\n\tat org.testng.internal.invokers.TestInvoker$MethodInvocationAgent.invoke(TestInvoker.java:992)\n\tat org.testng.internal.invokers.TestInvoker.invokeTestMethods(TestInvoker.java:203)\n\tat org.testng.internal.invokers.TestMethodWorker.invokeTestMethods(TestMethodWorker.java:154)\n\tat org.testng.internal.invokers.TestMethodWorker.run(TestMethodWorker.java:134)\n\tat java.base/java.util.ArrayList.forEach(ArrayList.java:1597)\n\tat org.testng.TestRunner.privateRun(TestRunner.java:739)\n\tat org.testng.TestRunner.run(TestRunner.java:614)\n\tat org.testng.SuiteRunner.runTest(SuiteRunner.java:421)\n\tat org.testng.SuiteRunner.runSequentially(SuiteRunner.java:413)\n\tat org.testng.SuiteRunner.privateRun(SuiteRunner.java:373)\n\tat org.testng.SuiteRunner.run(SuiteRunner.java:312)\n\tat org.testng.SuiteRunnerWorker.runSuite(SuiteRunnerWorker.java:52)\n\tat org.testng.SuiteRunnerWorker.run(SuiteRunnerWorker.java:95)\n\tat org.testng.TestNG.runSuitesSequentially(TestNG.java:1274)\n\tat org.testng.TestNG.runSuitesLocally(TestNG.java:1208)\n\tat org.testng.TestNG.runSuites(TestNG.java:1112)\n\tat org.testng.TestNG.run(TestNG.java:1079)\n\tat org.apache.maven.surefire.testng.TestNGExecutor.run(TestNGExecutor.java:308)\n\tat org.apache.maven.surefire.testng.TestNGXmlTestSuite.execute(TestNGXmlTestSuite.java:71)\n\tat org.apache.maven.surefire.testng.TestNGProvider.invoke(TestNGProvider.java:113)\n\tat org.apache.maven.surefire.booter.ForkedBooter.runSuitesInProcess(ForkedBooter.java:385)\n\tat org.apache.maven.surefire.booter.ForkedBooter.execute(ForkedBooter.java:162)\n\tat org.apache.maven.surefire.booter.ForkedBooter.run(ForkedBooter.java:507)\n\tat org.apache.maven.surefire.booter.ForkedBooter.main(ForkedBooter.java:495)\n","steps":[{"name":"Try Add Bank with duplicate Account Number and expect failure","time":{"start":1761137656633,"stop":1761137674905,"duration":18272},"status":"broken","statusMessage":"element click intercepted: Element <button type=\"button\" class=\"_button_1qmla_5 _showLabel_1qmla_53\" data-testid=\"Table::ToolbarButton::Add Bank\" aria-label=\"\" style=\"--retool-toolbar-button-border-radius: 4px; --retool-toolbar-button-color: #0d0d0dff; --retool-toolbar-button-hover-background: #00000006; --retool-toolbar-button-active-background: #3170f91a; --retool-toolbar-button-accent: #3170f9;\">...</button> is not clickable at point (1326, 261). Other element would receive the click: <div data-testid=\"FetchingMask::WidgetFetchingMask\" class=\"fetching-mask  fetching\">...</div>\n  (Session info: chrome=140.0.7339.207)\nBuild info: version: '4.37.0', revision: '3c1da1e342'\nSystem info: os.name: 'Linux', os.arch: 'amd64', os.version: '6.11.0-1018-azure', java.version: '22.0.2'\nDriver info: org.openqa.selenium.chrome.ChromeDriver\nCommand: [b2b1cc54b9e12569a4e7fc83b9a53784, clickElement {id=f.6B23FD438B306EF01DA6B21479C7AF54.d.E69BD90DC8601FE7DA3A17FA23765A72.e.806}]\nCapabilities {acceptInsecureCerts: false, browserName: chrome, browserVersion: 140.0.7339.207, chrome: {chromedriverVersion: 140.0.7339.207 (17230b545fd..., userDataDir: /tmp/chrome-profile-1761137...}, fedcm:accounts: true, goog:chromeOptions: {debuggerAddress: localhost:40245}, networkConnectionEnabled: false, pageLoadStrategy: normal, platformName: linux, proxy: Proxy(), se:cdp: ws://localhost:40245/devtoo..., se:cdpVersion: 140.0.7339.207, setWindowRect: true, strictFileInteractability: false, timeouts: {implicit: 0, pageLoad: 300000, script: 30000}, unhandledPromptBehavior: dismiss and notify, webauthn:extension:credBlob: true, webauthn:extension:largeBlob: true, webauthn:extension:minPinLength: true, webauthn:extension:prf: true, webauthn:virtualAuthenticators: true}\nElement: [[ChromeDriver: chrome on linux (b2b1cc54b9e12569a4e7fc83b9a53784)] -> xpath: //button[text()='Add Bank']]\nSession ID: b2b1cc54b9e12569a4e7fc83b9a53784","statusTrace":"org.openqa.selenium.ElementClickInterceptedException: element click intercepted: Element <button type=\"button\" class=\"_button_1qmla_5 _showLabel_1qmla_53\" data-testid=\"Table::ToolbarButton::Add Bank\" aria-label=\"\" style=\"--retool-toolbar-button-border-radius: 4px; --retool-toolbar-button-color: #0d0d0dff; --retool-toolbar-button-hover-background: #00000006; --retool-toolbar-button-active-background: #3170f91a; --retool-toolbar-button-accent: #3170f9;\">...</button> is not clickable at point (1326, 261). Other element would receive the click: <div data-testid=\"FetchingMask::WidgetFetchingMask\" class=\"fetching-mask  fetching\">...</div>\n  (Session info: chrome=140.0.7339.207)\nBuild info: version: '4.37.0', revision: '3c1da1e342'\nSystem info: os.name: 'Linux', os.arch: 'amd64', os.version: '6.11.0-1018-azure', java.version: '22.0.2'\nDriver info: org.openqa.selenium.chrome.ChromeDriver\nCommand: [b2b1cc54b9e12569a4e7fc83b9a53784, clickElement {id=f.6B23FD438B306EF01DA6B21479C7AF54.d.E69BD90DC8601FE7DA3A17FA23765A72.e.806}]\nCapabilities {acceptInsecureCerts: false, browserName: chrome, browserVersion: 140.0.7339.207, chrome: {chromedriverVersion: 140.0.7339.207 (17230b545fd..., userDataDir: /tmp/chrome-profile-1761137...}, fedcm:accounts: true, goog:chromeOptions: {debuggerAddress: localhost:40245}, networkConnectionEnabled: false, pageLoadStrategy: normal, platformName: linux, proxy: Proxy(), se:cdp: ws://localhost:40245/devtoo..., se:cdpVersion: 140.0.7339.207, setWindowRect: true, strictFileInteractability: false, timeouts: {implicit: 0, pageLoad: 300000, script: 30000}, unhandledPromptBehavior: dismiss and notify, webauthn:extension:credBlob: true, webauthn:extension:largeBlob: true, webauthn:extension:minPinLength: true, webauthn:extension:prf: true, webauthn:virtualAuthenticators: true}\nElement: [[ChromeDriver: chrome on linux (b2b1cc54b9e12569a4e7fc83b9a53784)] -> xpath: //button[text()='Add Bank']]\nSession ID: b2b1cc54b9e12569a4e7fc83b9a53784\n\tat java.base/jdk.internal.reflect.DirectConstructorHandleAccessor.newInstance(DirectConstructorHandleAccessor.java:62)\n\tat java.base/java.lang.reflect.Constructor.newInstanceWithCaller(Constructor.java:502)\n\tat java.base/java.lang.reflect.Constructor.newInstance(Constructor.java:486)\n\tat org.openqa.selenium.remote.ErrorCodec.decode(ErrorCodec.java:167)\n\tat org.openqa.selenium.remote.codec.w3c.W3CHttpResponseCodec.decode(W3CHttpResponseCodec.java:138)\n\tat org.openqa.selenium.remote.codec.w3c.W3CHttpResponseCodec.decode(W3CHttpResponseCodec.java:50)\n\tat org.openqa.selenium.remote.HttpCommandExecutor.execute(HttpCommandExecutor.java:215)\n\tat org.openqa.selenium.remote.service.DriverCommandExecutor.invokeExecute(DriverCommandExecutor.java:216)\n\tat org.openqa.selenium.remote.service.DriverCommandExecutor.execute(DriverCommandExecutor.java:174)\n\tat org.openqa.selenium.remote.RemoteWebDriver.execute(RemoteWebDriver.java:557)\n\tat org.openqa.selenium.remote.RemoteWebElement.execute(RemoteWebElement.java:223)\n\tat org.openqa.selenium.remote.RemoteWebElement.click(RemoteWebElement.java:76)\n\tat Pages.BankApp.BankAppRefreshListPage.safeClick(BankAppRefreshListPage.java:75)\n\tat Pages.BankApp.BankAppRefreshListPage.openAddBankModal(BankAppRefreshListPage.java:113)\n\tat Pages.BankApp.BankAppRefreshListPage.addBank_DuplicateAccount_Block(BankAppRefreshListPage.java:457)\n\tat Tests.BankApp.BankAppListRefresh.duplicateAccountNotAllowed(BankAppListRefresh.java:163)\n\tat java.base/jdk.internal.reflect.DirectMethodHandleAccessor.invoke(DirectMethodHandleAccessor.java:103)\n\tat java.base/java.lang.reflect.Method.invoke(Method.java:580)\n\tat org.testng.internal.invokers.MethodInvocationHelper.invokeMethod(MethodInvocationHelper.java:141)\n\tat org.testng.internal.invokers.TestInvoker.invokeMethod(TestInvoker.java:686)\n\tat org.testng.internal.invokers.TestInvoker.invokeTestMethod(TestInvoker.java:230)\n\tat org.testng.internal.invokers.MethodRunner.runInSequence(MethodRunner.java:63)\n\tat org.testng.internal.invokers.TestInvoker$MethodInvocationAgent.invoke(TestInvoker.java:992)\n\tat org.testng.internal.invokers.TestInvoker.invokeTestMethods(TestInvoker.java:203)\n\tat org.testng.internal.invokers.TestMethodWorker.invokeTestMethods(TestMethodWorker.java:154)\n\tat org.testng.internal.invokers.TestMethodWorker.run(TestMethodWorker.java:134)\n\tat java.base/java.util.ArrayList.forEach(ArrayList.java:1597)\n\tat org.testng.TestRunner.privateRun(TestRunner.java:739)\n\tat org.testng.TestRunner.run(TestRunner.java:614)\n\tat org.testng.SuiteRunner.runTest(SuiteRunner.java:421)\n\tat org.testng.SuiteRunner.runSequentially(SuiteRunner.java:413)\n\tat org.testng.SuiteRunner.privateRun(SuiteRunner.java:373)\n\tat org.testng.SuiteRunner.run(SuiteRunner.java:312)\n\tat org.testng.SuiteRunnerWorker.runSuite(SuiteRunnerWorker.java:52)\n\tat org.testng.SuiteRunnerWorker.run(SuiteRunnerWorker.java:95)\n\tat org.testng.TestNG.runSuitesSequentially(TestNG.java:1274)\n\tat org.testng.TestNG.runSuitesLocally(TestNG.java:1208)\n\tat org.testng.TestNG.runSuites(TestNG.java:1112)\n\tat org.testng.TestNG.run(TestNG.java:1079)\n\tat org.apache.maven.surefire.testng.TestNGExecutor.run(TestNGExecutor.java:308)\n\tat org.apache.maven.surefire.testng.TestNGXmlTestSuite.execute(TestNGXmlTestSuite.java:71)\n\tat org.apache.maven.surefire.testng.TestNGProvider.invoke(TestNGProvider.java:113)\n\tat org.apache.maven.surefire.booter.ForkedBooter.runSuitesInProcess(ForkedBooter.java:385)\n\tat org.apache.maven.surefire.booter.ForkedBooter.execute(ForkedBooter.java:162)\n\tat org.apache.maven.surefire.booter.ForkedBooter.run(ForkedBooter.java:507)\n\tat org.apache.maven.surefire.booter.ForkedBooter.main(ForkedBooter.java:495)\n","steps":[{"name":"Add new bank end-to-end","time":{"start":1761137656633,"stop":1761137673611,"duration":16978},"status":"passed","steps":[{"name":"Open 'Add Bank' modal","time":{"start":1761137656634,"stop":1761137658305,"duration":1671},"status":"passed","steps":[],"attachments":[],"parameters":[],"shouldDisplayMessage":false,"stepsCount":0,"attachmentsCount":0,"hasContent":false,"attachmentStep":false},{"name":"Fill Add Bank form","time":{"start":1761137658305,"stop":1761137669008,"duration":10703},"status":"passed","steps":[],"attachments":[],"parameters":[{"name":"bankName","value":"Dup Test 656633"},{"name":"accountNumber","value":"DUP656633"}],"shouldDisplayMessage":false,"stepsCount":0,"attachmentsCount":0,"hasContent":true,"attachmentStep":false},{"name":"Submit Add Bank","time":{"start":1761137669008,"stop":1761137673611,"duration":4603},"status":"passed","steps":[],"attachments":[],"parameters":[],"shouldDisplayMessage":false,"stepsCount":0,"attachmentsCount":0,"hasContent":false,"attachmentStep":false}],"attachments":[],"parameters":[{"name":"bankName","value":"Dup Test 656633"},{"name":"accountNumber","value":"DUP656633"}],"shouldDisplayMessage":false,"stepsCount":3,"attachmentsCount":0,"hasContent":true,"attachmentStep":false},{"name":"Verify Bank Successfully Added Popup","time":{"start":1761137673611,"stop":1761137673635,"duration":24},"status":"passed","steps":[],"attachments":[],"parameters":[],"shouldDisplayMessage":false,"stepsCount":0,"attachmentsCount":0,"hasContent":false,"attachmentStep":false},{"name":"Open 'Add Bank' modal","time":{"start":1761137673636,"stop":1761137674905,"duration":1269},"status":"broken","statusMessage":"element click intercepted: Element <button type=\"button\" class=\"_button_1qmla_5 _showLabel_1qmla_53\" data-testid=\"Table::ToolbarButton::Add Bank\" aria-label=\"\" style=\"--retool-toolbar-button-border-radius: 4px; --retool-toolbar-button-color: #0d0d0dff; --retool-toolbar-button-hover-background: #00000006; --retool-toolbar-button-active-background: #3170f91a; --retool-toolbar-button-accent: #3170f9;\">...</button> is not clickable at point (1326, 261). Other element would receive the click: <div data-testid=\"FetchingMask::WidgetFetchingMask\" class=\"fetching-mask  fetching\">...</div>\n  (Session info: chrome=140.0.7339.207)\nBuild info: version: '4.37.0', revision: '3c1da1e342'\nSystem info: os.name: 'Linux', os.arch: 'amd64', os.version: '6.11.0-1018-azure', java.version: '22.0.2'\nDriver info: org.openqa.selenium.chrome.ChromeDriver\nCommand: [b2b1cc54b9e12569a4e7fc83b9a53784, clickElement {id=f.6B23FD438B306EF01DA6B21479C7AF54.d.E69BD90DC8601FE7DA3A17FA23765A72.e.806}]\nCapabilities {acceptInsecureCerts: false, browserName: chrome, browserVersion: 140.0.7339.207, chrome: {chromedriverVersion: 140.0.7339.207 (17230b545fd..., userDataDir: /tmp/chrome-profile-1761137...}, fedcm:accounts: true, goog:chromeOptions: {debuggerAddress: localhost:40245}, networkConnectionEnabled: false, pageLoadStrategy: normal, platformName: linux, proxy: Proxy(), se:cdp: ws://localhost:40245/devtoo..., se:cdpVersion: 140.0.7339.207, setWindowRect: true, strictFileInteractability: false, timeouts: {implicit: 0, pageLoad: 300000, script: 30000}, unhandledPromptBehavior: dismiss and notify, webauthn:extension:credBlob: true, webauthn:extension:largeBlob: true, webauthn:extension:minPinLength: true, webauthn:extension:prf: true, webauthn:virtualAuthenticators: true}\nElement: [[ChromeDriver: chrome on linux (b2b1cc54b9e12569a4e7fc83b9a53784)] -> xpath: //button[text()='Add Bank']]\nSession ID: b2b1cc54b9e12569a4e7fc83b9a53784","statusTrace":"org.openqa.selenium.ElementClickInterceptedException: element click intercepted: Element <button type=\"button\" class=\"_button_1qmla_5 _showLabel_1qmla_53\" data-testid=\"Table::ToolbarButton::Add Bank\" aria-label=\"\" style=\"--retool-toolbar-button-border-radius: 4px; --retool-toolbar-button-color: #0d0d0dff; --retool-toolbar-button-hover-background: #00000006; --retool-toolbar-button-active-background: #3170f91a; --retool-toolbar-button-accent: #3170f9;\">...</button> is not clickable at point (1326, 261). Other element would receive the click: <div data-testid=\"FetchingMask::WidgetFetchingMask\" class=\"fetching-mask  fetching\">...</div>\n  (Session info: chrome=140.0.7339.207)\nBuild info: version: '4.37.0', revision: '3c1da1e342'\nSystem info: os.name: 'Linux', os.arch: 'amd64', os.version: '6.11.0-1018-azure', java.version: '22.0.2'\nDriver info: org.openqa.selenium.chrome.ChromeDriver\nCommand: [b2b1cc54b9e12569a4e7fc83b9a53784, clickElement {id=f.6B23FD438B306EF01DA6B21479C7AF54.d.E69BD90DC8601FE7DA3A17FA23765A72.e.806}]\nCapabilities {acceptInsecureCerts: false, browserName: chrome, browserVersion: 140.0.7339.207, chrome: {chromedriverVersion: 140.0.7339.207 (17230b545fd..., userDataDir: /tmp/chrome-profile-1761137...}, fedcm:accounts: true, goog:chromeOptions: {debuggerAddress: localhost:40245}, networkConnectionEnabled: false, pageLoadStrategy: normal, platformName: linux, proxy: Proxy(), se:cdp: ws://localhost:40245/devtoo..., se:cdpVersion: 140.0.7339.207, setWindowRect: true, strictFileInteractability: false, timeouts: {implicit: 0, pageLoad: 300000, script: 30000}, unhandledPromptBehavior: dismiss and notify, webauthn:extension:credBlob: true, webauthn:extension:largeBlob: true, webauthn:extension:minPinLength: true, webauthn:extension:prf: true, webauthn:virtualAuthenticators: true}\nElement: [[ChromeDriver: chrome on linux (b2b1cc54b9e12569a4e7fc83b9a53784)] -> xpath: //button[text()='Add Bank']]\nSession ID: b2b1cc54b9e12569a4e7fc83b9a53784\n\tat java.base/jdk.internal.reflect.DirectConstructorHandleAccessor.newInstance(DirectConstructorHandleAccessor.java:62)\n\tat java.base/java.lang.reflect.Constructor.newInstanceWithCaller(Constructor.java:502)\n\tat java.base/java.lang.reflect.Constructor.newInstance(Constructor.java:486)\n\tat org.openqa.selenium.remote.ErrorCodec.decode(ErrorCodec.java:167)\n\tat org.openqa.selenium.remote.codec.w3c.W3CHttpResponseCodec.decode(W3CHttpResponseCodec.java:138)\n\tat org.openqa.selenium.remote.codec.w3c.W3CHttpResponseCodec.decode(W3CHttpResponseCodec.java:50)\n\tat org.openqa.selenium.remote.HttpCommandExecutor.execute(HttpCommandExecutor.java:215)\n\tat org.openqa.selenium.remote.service.DriverCommandExecutor.invokeExecute(DriverCommandExecutor.java:216)\n\tat org.openqa.selenium.remote.service.DriverCommandExecutor.execute(DriverCommandExecutor.java:174)\n\tat org.openqa.selenium.remote.RemoteWebDriver.execute(RemoteWebDriver.java:557)\n\tat org.openqa.selenium.remote.RemoteWebElement.execute(RemoteWebElement.java:223)\n\tat org.openqa.selenium.remote.RemoteWebElement.click(RemoteWebElement.java:76)\n\tat Pages.BankApp.BankAppRefreshListPage.safeClick(BankAppRefreshListPage.java:75)\n\tat Pages.BankApp.BankAppRefreshListPage.openAddBankModal(BankAppRefreshListPage.java:113)\n\tat Pages.BankApp.BankAppRefreshListPage.addBank_DuplicateAccount_Block(BankAppRefreshListPage.java:457)\n\tat Tests.BankApp.BankAppListRefresh.duplicateAccountNotAllowed(BankAppListRefresh.java:163)\n\tat java.base/jdk.internal.reflect.DirectMethodHandleAccessor.invoke(DirectMethodHandleAccessor.java:103)\n\tat java.base/java.lang.reflect.Method.invoke(Method.java:580)\n\tat org.testng.internal.invokers.MethodInvocationHelper.invokeMethod(MethodInvocationHelper.java:141)\n\tat org.testng.internal.invokers.TestInvoker.invokeMethod(TestInvoker.java:686)\n\tat org.testng.internal.invokers.TestInvoker.invokeTestMethod(TestInvoker.java:230)\n\tat org.testng.internal.invokers.MethodRunner.runInSequence(MethodRunner.java:63)\n\tat org.testng.internal.invokers.TestInvoker$MethodInvocationAgent.invoke(TestInvoker.java:992)\n\tat org.testng.internal.invokers.TestInvoker.invokeTestMethods(TestInvoker.java:203)\n\tat org.testng.internal.invokers.TestMethodWorker.invokeTestMethods(TestMethodWorker.java:154)\n\tat org.testng.internal.invokers.TestMethodWorker.run(TestMethodWorker.java:134)\n\tat java.base/java.util.ArrayList.forEach(ArrayList.java:1597)\n\tat org.testng.TestRunner.privateRun(TestRunner.java:739)\n\tat org.testng.TestRunner.run(TestRunner.java:614)\n\tat org.testng.SuiteRunner.runTest(SuiteRunner.java:421)\n\tat org.testng.SuiteRunner.runSequentially(SuiteRunner.java:413)\n\tat org.testng.SuiteRunner.privateRun(SuiteRunner.java:373)\n\tat org.testng.SuiteRunner.run(SuiteRunner.java:312)\n\tat org.testng.SuiteRunnerWorker.runSuite(SuiteRunnerWorker.java:52)\n\tat org.testng.SuiteRunnerWorker.run(SuiteRunnerWorker.java:95)\n\tat org.testng.TestNG.runSuitesSequentially(TestNG.java:1274)\n\tat org.testng.TestNG.runSuitesLocally(TestNG.java:1208)\n\tat org.testng.TestNG.runSuites(TestNG.java:1112)\n\tat org.testng.TestNG.run(TestNG.java:1079)\n\tat org.apache.maven.surefire.testng.TestNGExecutor.run(TestNGExecutor.java:308)\n\tat org.apache.maven.surefire.testng.TestNGXmlTestSuite.execute(TestNGXmlTestSuite.java:71)\n\tat org.apache.maven.surefire.testng.TestNGProvider.invoke(TestNGProvider.java:113)\n\tat org.apache.maven.surefire.booter.ForkedBooter.runSuitesInProcess(ForkedBooter.java:385)\n\tat org.apache.maven.surefire.booter.ForkedBooter.execute(ForkedBooter.java:162)\n\tat org.apache.maven.surefire.booter.ForkedBooter.run(ForkedBooter.java:507)\n\tat org.apache.maven.surefire.booter.ForkedBooter.main(ForkedBooter.java:495)\n","steps":[],"attachments":[],"parameters":[],"shouldDisplayMessage":true,"stepsCount":0,"attachmentsCount":0,"hasContent":true,"attachmentStep":false}],"attachments":[],"parameters":[{"name":"bankName","value":"Dup Test 656633"},{"name":"duplicateAcc","value":"DUP656633"}],"shouldDisplayMessage":false,"stepsCount":6,"attachmentsCount":0,"hasContent":true,"attachmentStep":false}],"attachments":[{"uid":"a10860c15d733e68","name":"Page Screenshot","source":"a10860c15d733e68.png","type":"image/png","size":160458},{"uid":"26c7a1af7460312b","name":"stacktrace","source":"26c7a1af7460312b.txt","type":"text/plain","size":26}],"parameters":[],"shouldDisplayMessage":false,"stepsCount":7,"attachmentsCount":2,"hasContent":true,"attachmentStep":false},"afterStages":[{"name":"Logout","time":{"start":1761137711264,"stop":1761137721443,"duration":10179},"description":"","status":"passed","steps":[{"name":"Clicking on Logout Button","time":{"start":1761137711264,"stop":1761137721443,"duration":10179},"status":"broken","statusMessage":"Expected condition failed: waiting for element to be clickable: By.xpath: //img[@alt='logout-icon'] (tried for 10 second(s) with 500 milliseconds interval)\nBuild info: version: '4.37.0', revision: '3c1da1e342'\nSystem info: os.name: 'Linux', os.arch: 'amd64', os.version: '6.11.0-1018-azure', java.version: '22.0.2'\nDriver info: org.openqa.selenium.chrome.ChromeDriver\nCapabilities {acceptInsecureCerts: false, browserName: chrome, browserVersion: 140.0.7339.207, chrome: {chromedriverVersion: 140.0.7339.207 (17230b545fd..., userDataDir: /tmp/chrome-profile-1761137...}, fedcm:accounts: true, goog:chromeOptions: {debuggerAddress: localhost:40245}, networkConnectionEnabled: false, pageLoadStrategy: normal, platformName: linux, proxy: Proxy(), se:cdp: ws://localhost:40245/devtoo..., se:cdpVersion: 140.0.7339.207, setWindowRect: true, strictFileInteractability: false, timeouts: {implicit: 0, pageLoad: 300000, script: 30000}, unhandledPromptBehavior: dismiss and notify, webauthn:extension:credBlob: true, webauthn:extension:largeBlob: true, webauthn:extension:minPinLength: true, webauthn:extension:prf: true, webauthn:virtualAuthenticators: true}\nSession ID: b2b1cc54b9e12569a4e7fc83b9a53784","statusTrace":"org.openqa.selenium.TimeoutException: Expected condition failed: waiting for element to be clickable: By.xpath: //img[@alt='logout-icon'] (tried for 10 second(s) with 500 milliseconds interval)\nBuild info: version: '4.37.0', revision: '3c1da1e342'\nSystem info: os.name: 'Linux', os.arch: 'amd64', os.version: '6.11.0-1018-azure', java.version: '22.0.2'\nDriver info: org.openqa.selenium.chrome.ChromeDriver\nCapabilities {acceptInsecureCerts: false, browserName: chrome, browserVersion: 140.0.7339.207, chrome: {chromedriverVersion: 140.0.7339.207 (17230b545fd..., userDataDir: /tmp/chrome-profile-1761137...}, fedcm:accounts: true, goog:chromeOptions: {debuggerAddress: localhost:40245}, networkConnectionEnabled: false, pageLoadStrategy: normal, platformName: linux, proxy: Proxy(), se:cdp: ws://localhost:40245/devtoo..., se:cdpVersion: 140.0.7339.207, setWindowRect: true, strictFileInteractability: false, timeouts: {implicit: 0, pageLoad: 300000, script: 30000}, unhandledPromptBehavior: dismiss and notify, webauthn:extension:credBlob: true, webauthn:extension:largeBlob: true, webauthn:extension:minPinLength: true, webauthn:extension:prf: true, webauthn:virtualAuthenticators: true}\nSession ID: b2b1cc54b9e12569a4e7fc83b9a53784\n\tat org.openqa.selenium.support.ui.WebDriverWait.timeoutException(WebDriverWait.java:84)\n\tat org.openqa.selenium.support.ui.FluentWait.until(FluentWait.java:228)\n\tat Pages.DealerPlus.LoginPage.ClickOnLogoutButton(LoginPage.java:64)\n\tat Tests.BankApp.BankAppListRefresh.Logout(BankAppListRefresh.java:20)\n\tat java.base/jdk.internal.reflect.DirectMethodHandleAccessor.invoke(DirectMethodHandleAccessor.java:103)\n\tat java.base/java.lang.reflect.Method.invoke(Method.java:580)\n\tat org.testng.internal.invokers.MethodInvocationHelper.invokeMethod(MethodInvocationHelper.java:141)\n\tat org.testng.internal.invokers.MethodInvocationHelper.invokeMethodConsideringTimeout(MethodInvocationHelper.java:71)\n\tat org.testng.internal.invokers.ConfigInvoker.invokeConfigurationMethod(ConfigInvoker.java:400)\n\tat org.testng.internal.invokers.ConfigInvoker.invokeConfigurations(ConfigInvoker.java:333)\n\tat org.testng.internal.invokers.TestMethodWorker.invokeAfterClassConfigurations(TestMethodWorker.java:238)\n\tat org.testng.internal.invokers.TestMethodWorker.invokeAfterClassMethods(TestMethodWorker.java:223)\n\tat org.testng.internal.invokers.TestMethodWorker.run(TestMethodWorker.java:137)\n\tat java.base/java.util.ArrayList.forEach(ArrayList.java:1597)\n\tat org.testng.TestRunner.privateRun(TestRunner.java:739)\n\tat org.testng.TestRunner.run(TestRunner.java:614)\n\tat org.testng.SuiteRunner.runTest(SuiteRunner.java:421)\n\tat org.testng.SuiteRunner.runSequentially(SuiteRunner.java:413)\n\tat org.testng.SuiteRunner.privateRun(SuiteRunner.java:373)\n\tat org.testng.SuiteRunner.run(SuiteRunner.java:312)\n\tat org.testng.SuiteRunnerWorker.runSuite(SuiteRunnerWorker.java:52)\n\tat org.testng.SuiteRunnerWorker.run(SuiteRunnerWorker.java:95)\n\tat org.testng.TestNG.runSuitesSequentially(TestNG.java:1274)\n\tat org.testng.TestNG.runSuitesLocally(TestNG.java:1208)\n\tat org.testng.TestNG.runSuites(TestNG.java:1112)\n\tat org.testng.TestNG.run(TestNG.java:1079)\n\tat org.apache.maven.surefire.testng.TestNGExecutor.run(TestNGExecutor.java:308)\n\tat org.apache.maven.surefire.testng.TestNGXmlTestSuite.execute(TestNGXmlTestSuite.java:71)\n\tat org.apache.maven.surefire.testng.TestNGProvider.invoke(TestNGProvider.java:113)\n\tat org.apache.maven.surefire.booter.ForkedBooter.runSuitesInProcess(ForkedBooter.java:385)\n\tat org.apache.maven.surefire.booter.ForkedBooter.execute(ForkedBooter.java:162)\n\tat org.apache.maven.surefire.booter.ForkedBooter.run(ForkedBooter.java:507)\n\tat org.apache.maven.surefire.booter.ForkedBooter.main(ForkedBooter.java:495)\n","steps":[],"attachments":[],"parameters":[],"shouldDisplayMessage":true,"stepsCount":0,"attachmentsCount":0,"hasContent":true,"attachmentStep":false}],"attachments":[],"parameters":[],"shouldDisplayMessage":false,"stepsCount":1,"attachmentsCount":0,"hasContent":true,"attachmentStep":false}],"labels":[{"name":"package","value":"Tests.BankApp.BankAppListRefresh"},{"name":"testClass","value":"Tests.BankApp.BankAppListRefresh"},{"name":"testMethod","value":"duplicateAccountNotAllowed"},{"name":"parentSuite","value":"Regression_Suite"},{"name":"suite","value":"Autochek_WebApp_Automation - MT940 USer"},{"name":"subSuite","value":"Tests.BankApp.BankAppListRefresh"},{"name":"host","value":"runnervmwhb2z"},{"name":"thread","value":"2191@runnervmwhb2z.main(1)"},{"name":"framework","value":"testng"},{"name":"language","value":"java"},{"name":"feature","value":"Negative Tests: Bank Sheet"},{"name":"story","value":"Add Bank Modal"},{"name":"epic","value":"Bank App"},{"name":"severity","value":"critical"},{"name":"resultFormat","value":"allure2"}],"parameters":[],"links":[],"hidden":false,"retry":false,"extra":{"severity":"critical","retries":[],"categories":[{"name":"Test defects","matchedStatuses":[]}],"history":{"statistic":{"failed":0,"broken":1,"skipped":0,"passed":5,"unknown":0,"total":6},"items":[{"uid":"11bdea53418ae210","status":"passed","time":{"start":1761131838118,"stop":1761131875561,"duration":37443}},{"uid":"bc97e6baf73e7286","status":"passed","time":{"start":1761131085103,"stop":1761131125832,"duration":40729}},{"uid":"eaaea118355af8df","status":"passed","time":{"start":1761130312746,"stop":1761130351058,"duration":38312}},{"uid":"ea832bbfc3b8a305","status":"passed","time":{"start":1761129411083,"stop":1761129449473,"duration":38390}},{"uid":"8a2fe3573575c2f0","status":"passed","time":{"start":1761129090916,"stop":1761129129011,"duration":38095}}]},"tags":[]},"source":"7bdc051c99621d4a.json","parameterValues":[]}