{"uid":"6367af20d8320e58","name":"Add a new bank via modal and verify it appears in the list","fullName":"Tests.BankApp.BankAppListRefresh.addBankAndVerifyInList","historyId":"b67e9e2b78c666ccad94835afce948e4","time":{"start":1761206657611,"stop":1761206659337,"duration":1726},"status":"broken","statusMessage":"element click intercepted: Element <button type=\"button\" class=\"_button_1qmla_5 _showLabel_1qmla_53\" data-testid=\"Table::ToolbarButton::Add Bank\" aria-label=\"\" style=\"--retool-toolbar-button-border-radius: 4px; --retool-toolbar-button-color: #0d0d0dff; --retool-toolbar-button-hover-background: #00000006; --retool-toolbar-button-active-background: #3170f91a; --retool-toolbar-button-accent: #3170f9;\">...</button> is not clickable at point (565, 259). Other element would receive the click: <div data-testid=\"FetchingMask::WidgetFetchingMask\" class=\"fetching-mask  fetching\">...</div>\n  (Session info: chrome=140.0.7339.207)\nBuild info: version: '4.37.0', revision: '3c1da1e342'\nSystem info: os.name: 'Linux', os.arch: 'amd64', os.version: '6.11.0-1018-azure', java.version: '22.0.2'\nDriver info: org.openqa.selenium.chrome.ChromeDriver\nCommand: [eaac9261d42c063a59467d7b9615a169, clickElement {id=f.1DAF9A83F8248AA8FA9CADDFFB47F02D.d.B96D2F51DB9B71D0AC2EAD585E2A5DFB.e.82}]\nCapabilities {acceptInsecureCerts: false, browserName: chrome, browserVersion: 140.0.7339.207, chrome: {chromedriverVersion: 140.0.7339.207 (17230b545fd..., userDataDir: /tmp/chrome-profile-1761206...}, fedcm:accounts: true, goog:chromeOptions: {debuggerAddress: localhost:45517}, networkConnectionEnabled: false, pageLoadStrategy: normal, platformName: linux, proxy: Proxy(), se:cdp: ws://localhost:45517/devtoo..., se:cdpVersion: 140.0.7339.207, setWindowRect: true, strictFileInteractability: false, timeouts: {implicit: 0, pageLoad: 300000, script: 30000}, unhandledPromptBehavior: dismiss and notify, webauthn:extension:credBlob: true, webauthn:extension:largeBlob: true, webauthn:extension:minPinLength: true, webauthn:extension:prf: true, webauthn:virtualAuthenticators: true}\nElement: [[ChromeDriver: chrome on linux (eaac9261d42c063a59467d7b9615a169)] -> xpath: //button[text()='Add Bank']]\nSession ID: eaac9261d42c063a59467d7b9615a169","statusTrace":"org.openqa.selenium.ElementClickInterceptedException: element click intercepted: Element <button type=\"button\" class=\"_button_1qmla_5 _showLabel_1qmla_53\" data-testid=\"Table::ToolbarButton::Add Bank\" aria-label=\"\" style=\"--retool-toolbar-button-border-radius: 4px; --retool-toolbar-button-color: #0d0d0dff; --retool-toolbar-button-hover-background: #00000006; --retool-toolbar-button-active-background: #3170f91a; --retool-toolbar-button-accent: #3170f9;\">...</button> is not clickable at point (565, 259). Other element would receive the click: <div data-testid=\"FetchingMask::WidgetFetchingMask\" class=\"fetching-mask  fetching\">...</div>\n  (Session info: chrome=140.0.7339.207)\nBuild info: version: '4.37.0', revision: '3c1da1e342'\nSystem info: os.name: 'Linux', os.arch: 'amd64', os.version: '6.11.0-1018-azure', java.version: '22.0.2'\nDriver info: org.openqa.selenium.chrome.ChromeDriver\nCommand: [eaac9261d42c063a59467d7b9615a169, clickElement {id=f.1DAF9A83F8248AA8FA9CADDFFB47F02D.d.B96D2F51DB9B71D0AC2EAD585E2A5DFB.e.82}]\nCapabilities {acceptInsecureCerts: false, browserName: chrome, browserVersion: 140.0.7339.207, chrome: {chromedriverVersion: 140.0.7339.207 (17230b545fd..., userDataDir: /tmp/chrome-profile-1761206...}, fedcm:accounts: true, goog:chromeOptions: {debuggerAddress: localhost:45517}, networkConnectionEnabled: false, pageLoadStrategy: normal, platformName: linux, proxy: Proxy(), se:cdp: ws://localhost:45517/devtoo..., se:cdpVersion: 140.0.7339.207, setWindowRect: true, strictFileInteractability: false, timeouts: {implicit: 0, pageLoad: 300000, script: 30000}, unhandledPromptBehavior: dismiss and notify, webauthn:extension:credBlob: true, webauthn:extension:largeBlob: true, webauthn:extension:minPinLength: true, webauthn:extension:prf: true, webauthn:virtualAuthenticators: true}\nElement: [[ChromeDriver: chrome on linux (eaac9261d42c063a59467d7b9615a169)] -> xpath: //button[text()='Add Bank']]\nSession ID: eaac9261d42c063a59467d7b9615a169\n\tat java.base/jdk.internal.reflect.DirectConstructorHandleAccessor.newInstance(DirectConstructorHandleAccessor.java:62)\n\tat java.base/java.lang.reflect.Constructor.newInstanceWithCaller(Constructor.java:502)\n\tat java.base/java.lang.reflect.Constructor.newInstance(Constructor.java:486)\n\tat org.openqa.selenium.remote.ErrorCodec.decode(ErrorCodec.java:167)\n\tat org.openqa.selenium.remote.codec.w3c.W3CHttpResponseCodec.decode(W3CHttpResponseCodec.java:138)\n\tat org.openqa.selenium.remote.codec.w3c.W3CHttpResponseCodec.decode(W3CHttpResponseCodec.java:50)\n\tat org.openqa.selenium.remote.HttpCommandExecutor.execute(HttpCommandExecutor.java:215)\n\tat org.openqa.selenium.remote.service.DriverCommandExecutor.invokeExecute(DriverCommandExecutor.java:216)\n\tat org.openqa.selenium.remote.service.DriverCommandExecutor.execute(DriverCommandExecutor.java:174)\n\tat org.openqa.selenium.remote.RemoteWebDriver.execute(RemoteWebDriver.java:557)\n\tat org.openqa.selenium.remote.RemoteWebElement.execute(RemoteWebElement.java:223)\n\tat org.openqa.selenium.remote.RemoteWebElement.click(RemoteWebElement.java:76)\n\tat Pages.BankApp.BankAppRefreshListPage.safeClick(BankAppRefreshListPage.java:75)\n\tat Pages.BankApp.BankAppRefreshListPage.openAddBankModal(BankAppRefreshListPage.java:113)\n\tat Pages.BankApp.BankAppRefreshListPage.addBank(BankAppRefreshListPage.java:169)\n\tat Tests.BankApp.BankAppListRefresh.addBankAndVerifyInList(BankAppListRefresh.java:64)\n\tat java.base/jdk.internal.reflect.DirectMethodHandleAccessor.invoke(DirectMethodHandleAccessor.java:103)\n\tat java.base/java.lang.reflect.Method.invoke(Method.java:580)\n\tat org.testng.internal.invokers.MethodInvocationHelper.invokeMethod(MethodInvocationHelper.java:141)\n\tat org.testng.internal.invokers.TestInvoker.invokeMethod(TestInvoker.java:686)\n\tat org.testng.internal.invokers.TestInvoker.invokeTestMethod(TestInvoker.java:230)\n\tat org.testng.internal.invokers.MethodRunner.runInSequence(MethodRunner.java:63)\n\tat org.testng.internal.invokers.TestInvoker$MethodInvocationAgent.invoke(TestInvoker.java:992)\n\tat org.testng.internal.invokers.TestInvoker.invokeTestMethods(TestInvoker.java:203)\n\tat org.testng.internal.invokers.TestMethodWorker.invokeTestMethods(TestMethodWorker.java:154)\n\tat org.testng.internal.invokers.TestMethodWorker.run(TestMethodWorker.java:134)\n\tat java.base/java.util.ArrayList.forEach(ArrayList.java:1597)\n\tat org.testng.TestRunner.privateRun(TestRunner.java:739)\n\tat org.testng.TestRunner.run(TestRunner.java:614)\n\tat org.testng.SuiteRunner.runTest(SuiteRunner.java:421)\n\tat org.testng.SuiteRunner.runSequentially(SuiteRunner.java:413)\n\tat org.testng.SuiteRunner.privateRun(SuiteRunner.java:373)\n\tat org.testng.SuiteRunner.run(SuiteRunner.java:312)\n\tat org.testng.SuiteRunnerWorker.runSuite(SuiteRunnerWorker.java:52)\n\tat org.testng.SuiteRunnerWorker.run(SuiteRunnerWorker.java:95)\n\tat org.testng.TestNG.runSuitesSequentially(TestNG.java:1274)\n\tat org.testng.TestNG.runSuitesLocally(TestNG.java:1208)\n\tat org.testng.TestNG.runSuites(TestNG.java:1112)\n\tat org.testng.TestNG.run(TestNG.java:1079)\n\tat org.apache.maven.surefire.testng.TestNGExecutor.run(TestNGExecutor.java:308)\n\tat org.apache.maven.surefire.testng.TestNGXmlTestSuite.execute(TestNGXmlTestSuite.java:71)\n\tat org.apache.maven.surefire.testng.TestNGProvider.invoke(TestNGProvider.java:113)\n\tat org.apache.maven.surefire.booter.ForkedBooter.runSuitesInProcess(ForkedBooter.java:385)\n\tat org.apache.maven.surefire.booter.ForkedBooter.execute(ForkedBooter.java:162)\n\tat org.apache.maven.surefire.booter.ForkedBooter.run(ForkedBooter.java:507)\n\tat org.apache.maven.surefire.booter.ForkedBooter.main(ForkedBooter.java:495)\n","flaky":true,"newFailed":false,"newBroken":true,"newPassed":false,"retriesCount":0,"retriesStatusChange":false,"beforeStages":[{"name":"beforeEachClass","time":{"start":1761206651841,"stop":1761206653203,"duration":1362},"description":"","status":"passed","steps":[],"attachments":[],"parameters":[],"shouldDisplayMessage":false,"stepsCount":0,"attachmentsCount":0,"hasContent":false,"attachmentStep":false},{"name":"beforeEachTest","time":{"start":1761206653218,"stop":1761206657440,"duration":4222},"description":"","status":"passed","steps":[],"attachments":[],"parameters":[],"shouldDisplayMessage":false,"stepsCount":0,"attachmentsCount":0,"hasContent":false,"attachmentStep":false}],"testStage":{"status":"broken","statusMessage":"element click intercepted: Element <button type=\"button\" class=\"_button_1qmla_5 _showLabel_1qmla_53\" data-testid=\"Table::ToolbarButton::Add Bank\" aria-label=\"\" style=\"--retool-toolbar-button-border-radius: 4px; --retool-toolbar-button-color: #0d0d0dff; --retool-toolbar-button-hover-background: #00000006; --retool-toolbar-button-active-background: #3170f91a; --retool-toolbar-button-accent: #3170f9;\">...</button> is not clickable at point (565, 259). Other element would receive the click: <div data-testid=\"FetchingMask::WidgetFetchingMask\" class=\"fetching-mask  fetching\">...</div>\n  (Session info: chrome=140.0.7339.207)\nBuild info: version: '4.37.0', revision: '3c1da1e342'\nSystem info: os.name: 'Linux', os.arch: 'amd64', os.version: '6.11.0-1018-azure', java.version: '22.0.2'\nDriver info: org.openqa.selenium.chrome.ChromeDriver\nCommand: [eaac9261d42c063a59467d7b9615a169, clickElement {id=f.1DAF9A83F8248AA8FA9CADDFFB47F02D.d.B96D2F51DB9B71D0AC2EAD585E2A5DFB.e.82}]\nCapabilities {acceptInsecureCerts: false, browserName: chrome, browserVersion: 140.0.7339.207, chrome: {chromedriverVersion: 140.0.7339.207 (17230b545fd..., userDataDir: /tmp/chrome-profile-1761206...}, fedcm:accounts: true, goog:chromeOptions: {debuggerAddress: localhost:45517}, networkConnectionEnabled: false, pageLoadStrategy: normal, platformName: linux, proxy: Proxy(), se:cdp: ws://localhost:45517/devtoo..., se:cdpVersion: 140.0.7339.207, setWindowRect: true, strictFileInteractability: false, timeouts: {implicit: 0, pageLoad: 300000, script: 30000}, unhandledPromptBehavior: dismiss and notify, webauthn:extension:credBlob: true, webauthn:extension:largeBlob: true, webauthn:extension:minPinLength: true, webauthn:extension:prf: true, webauthn:virtualAuthenticators: true}\nElement: [[ChromeDriver: chrome on linux (eaac9261d42c063a59467d7b9615a169)] -> xpath: //button[text()='Add Bank']]\nSession ID: eaac9261d42c063a59467d7b9615a169","statusTrace":"org.openqa.selenium.ElementClickInterceptedException: element click intercepted: Element <button type=\"button\" class=\"_button_1qmla_5 _showLabel_1qmla_53\" data-testid=\"Table::ToolbarButton::Add Bank\" aria-label=\"\" style=\"--retool-toolbar-button-border-radius: 4px; --retool-toolbar-button-color: #0d0d0dff; --retool-toolbar-button-hover-background: #00000006; --retool-toolbar-button-active-background: #3170f91a; --retool-toolbar-button-accent: #3170f9;\">...</button> is not clickable at point (565, 259). Other element would receive the click: <div data-testid=\"FetchingMask::WidgetFetchingMask\" class=\"fetching-mask  fetching\">...</div>\n  (Session info: chrome=140.0.7339.207)\nBuild info: version: '4.37.0', revision: '3c1da1e342'\nSystem info: os.name: 'Linux', os.arch: 'amd64', os.version: '6.11.0-1018-azure', java.version: '22.0.2'\nDriver info: org.openqa.selenium.chrome.ChromeDriver\nCommand: [eaac9261d42c063a59467d7b9615a169, clickElement {id=f.1DAF9A83F8248AA8FA9CADDFFB47F02D.d.B96D2F51DB9B71D0AC2EAD585E2A5DFB.e.82}]\nCapabilities {acceptInsecureCerts: false, browserName: chrome, browserVersion: 140.0.7339.207, chrome: {chromedriverVersion: 140.0.7339.207 (17230b545fd..., userDataDir: /tmp/chrome-profile-1761206...}, fedcm:accounts: true, goog:chromeOptions: {debuggerAddress: localhost:45517}, networkConnectionEnabled: false, pageLoadStrategy: normal, platformName: linux, proxy: Proxy(), se:cdp: ws://localhost:45517/devtoo..., se:cdpVersion: 140.0.7339.207, setWindowRect: true, strictFileInteractability: false, timeouts: {implicit: 0, pageLoad: 300000, script: 30000}, unhandledPromptBehavior: dismiss and notify, webauthn:extension:credBlob: true, webauthn:extension:largeBlob: true, webauthn:extension:minPinLength: true, webauthn:extension:prf: true, webauthn:virtualAuthenticators: true}\nElement: [[ChromeDriver: chrome on linux (eaac9261d42c063a59467d7b9615a169)] -> xpath: //button[text()='Add Bank']]\nSession ID: eaac9261d42c063a59467d7b9615a169\n\tat java.base/jdk.internal.reflect.DirectConstructorHandleAccessor.newInstance(DirectConstructorHandleAccessor.java:62)\n\tat java.base/java.lang.reflect.Constructor.newInstanceWithCaller(Constructor.java:502)\n\tat java.base/java.lang.reflect.Constructor.newInstance(Constructor.java:486)\n\tat org.openqa.selenium.remote.ErrorCodec.decode(ErrorCodec.java:167)\n\tat org.openqa.selenium.remote.codec.w3c.W3CHttpResponseCodec.decode(W3CHttpResponseCodec.java:138)\n\tat org.openqa.selenium.remote.codec.w3c.W3CHttpResponseCodec.decode(W3CHttpResponseCodec.java:50)\n\tat org.openqa.selenium.remote.HttpCommandExecutor.execute(HttpCommandExecutor.java:215)\n\tat org.openqa.selenium.remote.service.DriverCommandExecutor.invokeExecute(DriverCommandExecutor.java:216)\n\tat org.openqa.selenium.remote.service.DriverCommandExecutor.execute(DriverCommandExecutor.java:174)\n\tat org.openqa.selenium.remote.RemoteWebDriver.execute(RemoteWebDriver.java:557)\n\tat org.openqa.selenium.remote.RemoteWebElement.execute(RemoteWebElement.java:223)\n\tat org.openqa.selenium.remote.RemoteWebElement.click(RemoteWebElement.java:76)\n\tat Pages.BankApp.BankAppRefreshListPage.safeClick(BankAppRefreshListPage.java:75)\n\tat Pages.BankApp.BankAppRefreshListPage.openAddBankModal(BankAppRefreshListPage.java:113)\n\tat Pages.BankApp.BankAppRefreshListPage.addBank(BankAppRefreshListPage.java:169)\n\tat Tests.BankApp.BankAppListRefresh.addBankAndVerifyInList(BankAppListRefresh.java:64)\n\tat java.base/jdk.internal.reflect.DirectMethodHandleAccessor.invoke(DirectMethodHandleAccessor.java:103)\n\tat java.base/java.lang.reflect.Method.invoke(Method.java:580)\n\tat org.testng.internal.invokers.MethodInvocationHelper.invokeMethod(MethodInvocationHelper.java:141)\n\tat org.testng.internal.invokers.TestInvoker.invokeMethod(TestInvoker.java:686)\n\tat org.testng.internal.invokers.TestInvoker.invokeTestMethod(TestInvoker.java:230)\n\tat org.testng.internal.invokers.MethodRunner.runInSequence(MethodRunner.java:63)\n\tat org.testng.internal.invokers.TestInvoker$MethodInvocationAgent.invoke(TestInvoker.java:992)\n\tat org.testng.internal.invokers.TestInvoker.invokeTestMethods(TestInvoker.java:203)\n\tat org.testng.internal.invokers.TestMethodWorker.invokeTestMethods(TestMethodWorker.java:154)\n\tat org.testng.internal.invokers.TestMethodWorker.run(TestMethodWorker.java:134)\n\tat java.base/java.util.ArrayList.forEach(ArrayList.java:1597)\n\tat org.testng.TestRunner.privateRun(TestRunner.java:739)\n\tat org.testng.TestRunner.run(TestRunner.java:614)\n\tat org.testng.SuiteRunner.runTest(SuiteRunner.java:421)\n\tat org.testng.SuiteRunner.runSequentially(SuiteRunner.java:413)\n\tat org.testng.SuiteRunner.privateRun(SuiteRunner.java:373)\n\tat org.testng.SuiteRunner.run(SuiteRunner.java:312)\n\tat org.testng.SuiteRunnerWorker.runSuite(SuiteRunnerWorker.java:52)\n\tat org.testng.SuiteRunnerWorker.run(SuiteRunnerWorker.java:95)\n\tat org.testng.TestNG.runSuitesSequentially(TestNG.java:1274)\n\tat org.testng.TestNG.runSuitesLocally(TestNG.java:1208)\n\tat org.testng.TestNG.runSuites(TestNG.java:1112)\n\tat org.testng.TestNG.run(TestNG.java:1079)\n\tat org.apache.maven.surefire.testng.TestNGExecutor.run(TestNGExecutor.java:308)\n\tat org.apache.maven.surefire.testng.TestNGXmlTestSuite.execute(TestNGXmlTestSuite.java:71)\n\tat org.apache.maven.surefire.testng.TestNGProvider.invoke(TestNGProvider.java:113)\n\tat org.apache.maven.surefire.booter.ForkedBooter.runSuitesInProcess(ForkedBooter.java:385)\n\tat org.apache.maven.surefire.booter.ForkedBooter.execute(ForkedBooter.java:162)\n\tat org.apache.maven.surefire.booter.ForkedBooter.run(ForkedBooter.java:507)\n\tat org.apache.maven.surefire.booter.ForkedBooter.main(ForkedBooter.java:495)\n","steps":[{"name":"Add new bank end-to-end","time":{"start":1761206657614,"stop":1761206659220,"duration":1606},"status":"broken","statusMessage":"element click intercepted: Element <button type=\"button\" class=\"_button_1qmla_5 _showLabel_1qmla_53\" data-testid=\"Table::ToolbarButton::Add Bank\" aria-label=\"\" style=\"--retool-toolbar-button-border-radius: 4px; --retool-toolbar-button-color: #0d0d0dff; --retool-toolbar-button-hover-background: #00000006; --retool-toolbar-button-active-background: #3170f91a; --retool-toolbar-button-accent: #3170f9;\">...</button> is not clickable at point (565, 259). Other element would receive the click: <div data-testid=\"FetchingMask::WidgetFetchingMask\" class=\"fetching-mask  fetching\">...</div>\n  (Session info: chrome=140.0.7339.207)\nBuild info: version: '4.37.0', revision: '3c1da1e342'\nSystem info: os.name: 'Linux', os.arch: 'amd64', os.version: '6.11.0-1018-azure', java.version: '22.0.2'\nDriver info: org.openqa.selenium.chrome.ChromeDriver\nCommand: [eaac9261d42c063a59467d7b9615a169, clickElement {id=f.1DAF9A83F8248AA8FA9CADDFFB47F02D.d.B96D2F51DB9B71D0AC2EAD585E2A5DFB.e.82}]\nCapabilities {acceptInsecureCerts: false, browserName: chrome, browserVersion: 140.0.7339.207, chrome: {chromedriverVersion: 140.0.7339.207 (17230b545fd..., userDataDir: /tmp/chrome-profile-1761206...}, fedcm:accounts: true, goog:chromeOptions: {debuggerAddress: localhost:45517}, networkConnectionEnabled: false, pageLoadStrategy: normal, platformName: linux, proxy: Proxy(), se:cdp: ws://localhost:45517/devtoo..., se:cdpVersion: 140.0.7339.207, setWindowRect: true, strictFileInteractability: false, timeouts: {implicit: 0, pageLoad: 300000, script: 30000}, unhandledPromptBehavior: dismiss and notify, webauthn:extension:credBlob: true, webauthn:extension:largeBlob: true, webauthn:extension:minPinLength: true, webauthn:extension:prf: true, webauthn:virtualAuthenticators: true}\nElement: [[ChromeDriver: chrome on linux (eaac9261d42c063a59467d7b9615a169)] -> xpath: //button[text()='Add Bank']]\nSession ID: eaac9261d42c063a59467d7b9615a169","statusTrace":"org.openqa.selenium.ElementClickInterceptedException: element click intercepted: Element <button type=\"button\" class=\"_button_1qmla_5 _showLabel_1qmla_53\" data-testid=\"Table::ToolbarButton::Add Bank\" aria-label=\"\" style=\"--retool-toolbar-button-border-radius: 4px; --retool-toolbar-button-color: #0d0d0dff; --retool-toolbar-button-hover-background: #00000006; --retool-toolbar-button-active-background: #3170f91a; --retool-toolbar-button-accent: #3170f9;\">...</button> is not clickable at point (565, 259). Other element would receive the click: <div data-testid=\"FetchingMask::WidgetFetchingMask\" class=\"fetching-mask  fetching\">...</div>\n  (Session info: chrome=140.0.7339.207)\nBuild info: version: '4.37.0', revision: '3c1da1e342'\nSystem info: os.name: 'Linux', os.arch: 'amd64', os.version: '6.11.0-1018-azure', java.version: '22.0.2'\nDriver info: org.openqa.selenium.chrome.ChromeDriver\nCommand: [eaac9261d42c063a59467d7b9615a169, clickElement {id=f.1DAF9A83F8248AA8FA9CADDFFB47F02D.d.B96D2F51DB9B71D0AC2EAD585E2A5DFB.e.82}]\nCapabilities {acceptInsecureCerts: false, browserName: chrome, browserVersion: 140.0.7339.207, chrome: {chromedriverVersion: 140.0.7339.207 (17230b545fd..., userDataDir: /tmp/chrome-profile-1761206...}, fedcm:accounts: true, goog:chromeOptions: {debuggerAddress: localhost:45517}, networkConnectionEnabled: false, pageLoadStrategy: normal, platformName: linux, proxy: Proxy(), se:cdp: ws://localhost:45517/devtoo..., se:cdpVersion: 140.0.7339.207, setWindowRect: true, strictFileInteractability: false, timeouts: {implicit: 0, pageLoad: 300000, script: 30000}, unhandledPromptBehavior: dismiss and notify, webauthn:extension:credBlob: true, webauthn:extension:largeBlob: true, webauthn:extension:minPinLength: true, webauthn:extension:prf: true, webauthn:virtualAuthenticators: true}\nElement: [[ChromeDriver: chrome on linux (eaac9261d42c063a59467d7b9615a169)] -> xpath: //button[text()='Add Bank']]\nSession ID: eaac9261d42c063a59467d7b9615a169\n\tat java.base/jdk.internal.reflect.DirectConstructorHandleAccessor.newInstance(DirectConstructorHandleAccessor.java:62)\n\tat java.base/java.lang.reflect.Constructor.newInstanceWithCaller(Constructor.java:502)\n\tat java.base/java.lang.reflect.Constructor.newInstance(Constructor.java:486)\n\tat org.openqa.selenium.remote.ErrorCodec.decode(ErrorCodec.java:167)\n\tat org.openqa.selenium.remote.codec.w3c.W3CHttpResponseCodec.decode(W3CHttpResponseCodec.java:138)\n\tat org.openqa.selenium.remote.codec.w3c.W3CHttpResponseCodec.decode(W3CHttpResponseCodec.java:50)\n\tat org.openqa.selenium.remote.HttpCommandExecutor.execute(HttpCommandExecutor.java:215)\n\tat org.openqa.selenium.remote.service.DriverCommandExecutor.invokeExecute(DriverCommandExecutor.java:216)\n\tat org.openqa.selenium.remote.service.DriverCommandExecutor.execute(DriverCommandExecutor.java:174)\n\tat org.openqa.selenium.remote.RemoteWebDriver.execute(RemoteWebDriver.java:557)\n\tat org.openqa.selenium.remote.RemoteWebElement.execute(RemoteWebElement.java:223)\n\tat org.openqa.selenium.remote.RemoteWebElement.click(RemoteWebElement.java:76)\n\tat Pages.BankApp.BankAppRefreshListPage.safeClick(BankAppRefreshListPage.java:75)\n\tat Pages.BankApp.BankAppRefreshListPage.openAddBankModal(BankAppRefreshListPage.java:113)\n\tat Pages.BankApp.BankAppRefreshListPage.addBank(BankAppRefreshListPage.java:169)\n\tat Tests.BankApp.BankAppListRefresh.addBankAndVerifyInList(BankAppListRefresh.java:64)\n\tat java.base/jdk.internal.reflect.DirectMethodHandleAccessor.invoke(DirectMethodHandleAccessor.java:103)\n\tat java.base/java.lang.reflect.Method.invoke(Method.java:580)\n\tat org.testng.internal.invokers.MethodInvocationHelper.invokeMethod(MethodInvocationHelper.java:141)\n\tat org.testng.internal.invokers.TestInvoker.invokeMethod(TestInvoker.java:686)\n\tat org.testng.internal.invokers.TestInvoker.invokeTestMethod(TestInvoker.java:230)\n\tat org.testng.internal.invokers.MethodRunner.runInSequence(MethodRunner.java:63)\n\tat org.testng.internal.invokers.TestInvoker$MethodInvocationAgent.invoke(TestInvoker.java:992)\n\tat org.testng.internal.invokers.TestInvoker.invokeTestMethods(TestInvoker.java:203)\n\tat org.testng.internal.invokers.TestMethodWorker.invokeTestMethods(TestMethodWorker.java:154)\n\tat org.testng.internal.invokers.TestMethodWorker.run(TestMethodWorker.java:134)\n\tat java.base/java.util.ArrayList.forEach(ArrayList.java:1597)\n\tat org.testng.TestRunner.privateRun(TestRunner.java:739)\n\tat org.testng.TestRunner.run(TestRunner.java:614)\n\tat org.testng.SuiteRunner.runTest(SuiteRunner.java:421)\n\tat org.testng.SuiteRunner.runSequentially(SuiteRunner.java:413)\n\tat org.testng.SuiteRunner.privateRun(SuiteRunner.java:373)\n\tat org.testng.SuiteRunner.run(SuiteRunner.java:312)\n\tat org.testng.SuiteRunnerWorker.runSuite(SuiteRunnerWorker.java:52)\n\tat org.testng.SuiteRunnerWorker.run(SuiteRunnerWorker.java:95)\n\tat org.testng.TestNG.runSuitesSequentially(TestNG.java:1274)\n\tat org.testng.TestNG.runSuitesLocally(TestNG.java:1208)\n\tat org.testng.TestNG.runSuites(TestNG.java:1112)\n\tat org.testng.TestNG.run(TestNG.java:1079)\n\tat org.apache.maven.surefire.testng.TestNGExecutor.run(TestNGExecutor.java:308)\n\tat org.apache.maven.surefire.testng.TestNGXmlTestSuite.execute(TestNGXmlTestSuite.java:71)\n\tat org.apache.maven.surefire.testng.TestNGProvider.invoke(TestNGProvider.java:113)\n\tat org.apache.maven.surefire.booter.ForkedBooter.runSuitesInProcess(ForkedBooter.java:385)\n\tat org.apache.maven.surefire.booter.ForkedBooter.execute(ForkedBooter.java:162)\n\tat org.apache.maven.surefire.booter.ForkedBooter.run(ForkedBooter.java:507)\n\tat org.apache.maven.surefire.booter.ForkedBooter.main(ForkedBooter.java:495)\n","steps":[{"name":"Open 'Add Bank' modal","time":{"start":1761206657614,"stop":1761206659220,"duration":1606},"status":"broken","statusMessage":"element click intercepted: Element <button type=\"button\" class=\"_button_1qmla_5 _showLabel_1qmla_53\" data-testid=\"Table::ToolbarButton::Add Bank\" aria-label=\"\" style=\"--retool-toolbar-button-border-radius: 4px; --retool-toolbar-button-color: #0d0d0dff; --retool-toolbar-button-hover-background: #00000006; --retool-toolbar-button-active-background: #3170f91a; --retool-toolbar-button-accent: #3170f9;\">...</button> is not clickable at point (565, 259). Other element would receive the click: <div data-testid=\"FetchingMask::WidgetFetchingMask\" class=\"fetching-mask  fetching\">...</div>\n  (Session info: chrome=140.0.7339.207)\nBuild info: version: '4.37.0', revision: '3c1da1e342'\nSystem info: os.name: 'Linux', os.arch: 'amd64', os.version: '6.11.0-1018-azure', java.version: '22.0.2'\nDriver info: org.openqa.selenium.chrome.ChromeDriver\nCommand: [eaac9261d42c063a59467d7b9615a169, clickElement {id=f.1DAF9A83F8248AA8FA9CADDFFB47F02D.d.B96D2F51DB9B71D0AC2EAD585E2A5DFB.e.82}]\nCapabilities {acceptInsecureCerts: false, browserName: chrome, browserVersion: 140.0.7339.207, chrome: {chromedriverVersion: 140.0.7339.207 (17230b545fd..., userDataDir: /tmp/chrome-profile-1761206...}, fedcm:accounts: true, goog:chromeOptions: {debuggerAddress: localhost:45517}, networkConnectionEnabled: false, pageLoadStrategy: normal, platformName: linux, proxy: Proxy(), se:cdp: ws://localhost:45517/devtoo..., se:cdpVersion: 140.0.7339.207, setWindowRect: true, strictFileInteractability: false, timeouts: {implicit: 0, pageLoad: 300000, script: 30000}, unhandledPromptBehavior: dismiss and notify, webauthn:extension:credBlob: true, webauthn:extension:largeBlob: true, webauthn:extension:minPinLength: true, webauthn:extension:prf: true, webauthn:virtualAuthenticators: true}\nElement: [[ChromeDriver: chrome on linux (eaac9261d42c063a59467d7b9615a169)] -> xpath: //button[text()='Add Bank']]\nSession ID: eaac9261d42c063a59467d7b9615a169","statusTrace":"org.openqa.selenium.ElementClickInterceptedException: element click intercepted: Element <button type=\"button\" class=\"_button_1qmla_5 _showLabel_1qmla_53\" data-testid=\"Table::ToolbarButton::Add Bank\" aria-label=\"\" style=\"--retool-toolbar-button-border-radius: 4px; --retool-toolbar-button-color: #0d0d0dff; --retool-toolbar-button-hover-background: #00000006; --retool-toolbar-button-active-background: #3170f91a; --retool-toolbar-button-accent: #3170f9;\">...</button> is not clickable at point (565, 259). Other element would receive the click: <div data-testid=\"FetchingMask::WidgetFetchingMask\" class=\"fetching-mask  fetching\">...</div>\n  (Session info: chrome=140.0.7339.207)\nBuild info: version: '4.37.0', revision: '3c1da1e342'\nSystem info: os.name: 'Linux', os.arch: 'amd64', os.version: '6.11.0-1018-azure', java.version: '22.0.2'\nDriver info: org.openqa.selenium.chrome.ChromeDriver\nCommand: [eaac9261d42c063a59467d7b9615a169, clickElement {id=f.1DAF9A83F8248AA8FA9CADDFFB47F02D.d.B96D2F51DB9B71D0AC2EAD585E2A5DFB.e.82}]\nCapabilities {acceptInsecureCerts: false, browserName: chrome, browserVersion: 140.0.7339.207, chrome: {chromedriverVersion: 140.0.7339.207 (17230b545fd..., userDataDir: /tmp/chrome-profile-1761206...}, fedcm:accounts: true, goog:chromeOptions: {debuggerAddress: localhost:45517}, networkConnectionEnabled: false, pageLoadStrategy: normal, platformName: linux, proxy: Proxy(), se:cdp: ws://localhost:45517/devtoo..., se:cdpVersion: 140.0.7339.207, setWindowRect: true, strictFileInteractability: false, timeouts: {implicit: 0, pageLoad: 300000, script: 30000}, unhandledPromptBehavior: dismiss and notify, webauthn:extension:credBlob: true, webauthn:extension:largeBlob: true, webauthn:extension:minPinLength: true, webauthn:extension:prf: true, webauthn:virtualAuthenticators: true}\nElement: [[ChromeDriver: chrome on linux (eaac9261d42c063a59467d7b9615a169)] -> xpath: //button[text()='Add Bank']]\nSession ID: eaac9261d42c063a59467d7b9615a169\n\tat java.base/jdk.internal.reflect.DirectConstructorHandleAccessor.newInstance(DirectConstructorHandleAccessor.java:62)\n\tat java.base/java.lang.reflect.Constructor.newInstanceWithCaller(Constructor.java:502)\n\tat java.base/java.lang.reflect.Constructor.newInstance(Constructor.java:486)\n\tat org.openqa.selenium.remote.ErrorCodec.decode(ErrorCodec.java:167)\n\tat org.openqa.selenium.remote.codec.w3c.W3CHttpResponseCodec.decode(W3CHttpResponseCodec.java:138)\n\tat org.openqa.selenium.remote.codec.w3c.W3CHttpResponseCodec.decode(W3CHttpResponseCodec.java:50)\n\tat org.openqa.selenium.remote.HttpCommandExecutor.execute(HttpCommandExecutor.java:215)\n\tat org.openqa.selenium.remote.service.DriverCommandExecutor.invokeExecute(DriverCommandExecutor.java:216)\n\tat org.openqa.selenium.remote.service.DriverCommandExecutor.execute(DriverCommandExecutor.java:174)\n\tat org.openqa.selenium.remote.RemoteWebDriver.execute(RemoteWebDriver.java:557)\n\tat org.openqa.selenium.remote.RemoteWebElement.execute(RemoteWebElement.java:223)\n\tat org.openqa.selenium.remote.RemoteWebElement.click(RemoteWebElement.java:76)\n\tat Pages.BankApp.BankAppRefreshListPage.safeClick(BankAppRefreshListPage.java:75)\n\tat Pages.BankApp.BankAppRefreshListPage.openAddBankModal(BankAppRefreshListPage.java:113)\n\tat Pages.BankApp.BankAppRefreshListPage.addBank(BankAppRefreshListPage.java:169)\n\tat Tests.BankApp.BankAppListRefresh.addBankAndVerifyInList(BankAppListRefresh.java:64)\n\tat java.base/jdk.internal.reflect.DirectMethodHandleAccessor.invoke(DirectMethodHandleAccessor.java:103)\n\tat java.base/java.lang.reflect.Method.invoke(Method.java:580)\n\tat org.testng.internal.invokers.MethodInvocationHelper.invokeMethod(MethodInvocationHelper.java:141)\n\tat org.testng.internal.invokers.TestInvoker.invokeMethod(TestInvoker.java:686)\n\tat org.testng.internal.invokers.TestInvoker.invokeTestMethod(TestInvoker.java:230)\n\tat org.testng.internal.invokers.MethodRunner.runInSequence(MethodRunner.java:63)\n\tat org.testng.internal.invokers.TestInvoker$MethodInvocationAgent.invoke(TestInvoker.java:992)\n\tat org.testng.internal.invokers.TestInvoker.invokeTestMethods(TestInvoker.java:203)\n\tat org.testng.internal.invokers.TestMethodWorker.invokeTestMethods(TestMethodWorker.java:154)\n\tat org.testng.internal.invokers.TestMethodWorker.run(TestMethodWorker.java:134)\n\tat java.base/java.util.ArrayList.forEach(ArrayList.java:1597)\n\tat org.testng.TestRunner.privateRun(TestRunner.java:739)\n\tat org.testng.TestRunner.run(TestRunner.java:614)\n\tat org.testng.SuiteRunner.runTest(SuiteRunner.java:421)\n\tat org.testng.SuiteRunner.runSequentially(SuiteRunner.java:413)\n\tat org.testng.SuiteRunner.privateRun(SuiteRunner.java:373)\n\tat org.testng.SuiteRunner.run(SuiteRunner.java:312)\n\tat org.testng.SuiteRunnerWorker.runSuite(SuiteRunnerWorker.java:52)\n\tat org.testng.SuiteRunnerWorker.run(SuiteRunnerWorker.java:95)\n\tat org.testng.TestNG.runSuitesSequentially(TestNG.java:1274)\n\tat org.testng.TestNG.runSuitesLocally(TestNG.java:1208)\n\tat org.testng.TestNG.runSuites(TestNG.java:1112)\n\tat org.testng.TestNG.run(TestNG.java:1079)\n\tat org.apache.maven.surefire.testng.TestNGExecutor.run(TestNGExecutor.java:308)\n\tat org.apache.maven.surefire.testng.TestNGXmlTestSuite.execute(TestNGXmlTestSuite.java:71)\n\tat org.apache.maven.surefire.testng.TestNGProvider.invoke(TestNGProvider.java:113)\n\tat org.apache.maven.surefire.booter.ForkedBooter.runSuitesInProcess(ForkedBooter.java:385)\n\tat org.apache.maven.surefire.booter.ForkedBooter.execute(ForkedBooter.java:162)\n\tat org.apache.maven.surefire.booter.ForkedBooter.run(ForkedBooter.java:507)\n\tat org.apache.maven.surefire.booter.ForkedBooter.main(ForkedBooter.java:495)\n","steps":[],"attachments":[],"parameters":[],"shouldDisplayMessage":true,"stepsCount":0,"attachmentsCount":0,"hasContent":true,"attachmentStep":false}],"attachments":[],"parameters":[{"name":"bankName","value":"AutoTest Bank 657614"},{"name":"accountNumber","value":"ACC657614"}],"shouldDisplayMessage":false,"stepsCount":1,"attachmentsCount":0,"hasContent":true,"attachmentStep":false}],"attachments":[{"uid":"202b936bdc718a93","name":"Page Screenshot","source":"202b936bdc718a93.png","type":"image/png","size":42160},{"uid":"7f63caa623828af1","name":"stacktrace","source":"7f63caa623828af1.txt","type":"text/plain","size":22}],"parameters":[],"shouldDisplayMessage":false,"stepsCount":2,"attachmentsCount":2,"hasContent":true,"attachmentStep":false},"afterStages":[{"name":"Logout","time":{"start":1761206805636,"stop":1761206815937,"duration":10301},"description":"","status":"passed","steps":[{"name":"Clicking on Logout Button","time":{"start":1761206805636,"stop":1761206815936,"duration":10300},"status":"broken","statusMessage":"Expected condition failed: waiting for element to be clickable: By.xpath: //img[@alt='logout-icon'] (tried for 10 second(s) with 500 milliseconds interval)\nBuild info: version: '4.37.0', revision: '3c1da1e342'\nSystem info: os.name: 'Linux', os.arch: 'amd64', os.version: '6.11.0-1018-azure', java.version: '22.0.2'\nDriver info: org.openqa.selenium.chrome.ChromeDriver\nCapabilities {acceptInsecureCerts: false, browserName: chrome, browserVersion: 140.0.7339.207, chrome: {chromedriverVersion: 140.0.7339.207 (17230b545fd..., userDataDir: /tmp/chrome-profile-1761206...}, fedcm:accounts: true, goog:chromeOptions: {debuggerAddress: localhost:45517}, networkConnectionEnabled: false, pageLoadStrategy: normal, platformName: linux, proxy: Proxy(), se:cdp: ws://localhost:45517/devtoo..., se:cdpVersion: 140.0.7339.207, setWindowRect: true, strictFileInteractability: false, timeouts: {implicit: 0, pageLoad: 300000, script: 30000}, unhandledPromptBehavior: dismiss and notify, webauthn:extension:credBlob: true, webauthn:extension:largeBlob: true, webauthn:extension:minPinLength: true, webauthn:extension:prf: true, webauthn:virtualAuthenticators: true}\nSession ID: eaac9261d42c063a59467d7b9615a169","statusTrace":"org.openqa.selenium.TimeoutException: Expected condition failed: waiting for element to be clickable: By.xpath: //img[@alt='logout-icon'] (tried for 10 second(s) with 500 milliseconds interval)\nBuild info: version: '4.37.0', revision: '3c1da1e342'\nSystem info: os.name: 'Linux', os.arch: 'amd64', os.version: '6.11.0-1018-azure', java.version: '22.0.2'\nDriver info: org.openqa.selenium.chrome.ChromeDriver\nCapabilities {acceptInsecureCerts: false, browserName: chrome, browserVersion: 140.0.7339.207, chrome: {chromedriverVersion: 140.0.7339.207 (17230b545fd..., userDataDir: /tmp/chrome-profile-1761206...}, fedcm:accounts: true, goog:chromeOptions: {debuggerAddress: localhost:45517}, networkConnectionEnabled: false, pageLoadStrategy: normal, platformName: linux, proxy: Proxy(), se:cdp: ws://localhost:45517/devtoo..., se:cdpVersion: 140.0.7339.207, setWindowRect: true, strictFileInteractability: false, timeouts: {implicit: 0, pageLoad: 300000, script: 30000}, unhandledPromptBehavior: dismiss and notify, webauthn:extension:credBlob: true, webauthn:extension:largeBlob: true, webauthn:extension:minPinLength: true, webauthn:extension:prf: true, webauthn:virtualAuthenticators: true}\nSession ID: eaac9261d42c063a59467d7b9615a169\n\tat org.openqa.selenium.support.ui.WebDriverWait.timeoutException(WebDriverWait.java:84)\n\tat org.openqa.selenium.support.ui.FluentWait.until(FluentWait.java:228)\n\tat Pages.DealerPlus.LoginPage.ClickOnLogoutButton(LoginPage.java:64)\n\tat Tests.BankApp.BankAppListRefresh.Logout(BankAppListRefresh.java:20)\n\tat java.base/jdk.internal.reflect.DirectMethodHandleAccessor.invoke(DirectMethodHandleAccessor.java:103)\n\tat java.base/java.lang.reflect.Method.invoke(Method.java:580)\n\tat org.testng.internal.invokers.MethodInvocationHelper.invokeMethod(MethodInvocationHelper.java:141)\n\tat org.testng.internal.invokers.MethodInvocationHelper.invokeMethodConsideringTimeout(MethodInvocationHelper.java:71)\n\tat org.testng.internal.invokers.ConfigInvoker.invokeConfigurationMethod(ConfigInvoker.java:400)\n\tat org.testng.internal.invokers.ConfigInvoker.invokeConfigurations(ConfigInvoker.java:333)\n\tat org.testng.internal.invokers.TestMethodWorker.invokeAfterClassConfigurations(TestMethodWorker.java:238)\n\tat org.testng.internal.invokers.TestMethodWorker.invokeAfterClassMethods(TestMethodWorker.java:223)\n\tat org.testng.internal.invokers.TestMethodWorker.run(TestMethodWorker.java:137)\n\tat java.base/java.util.ArrayList.forEach(ArrayList.java:1597)\n\tat org.testng.TestRunner.privateRun(TestRunner.java:739)\n\tat org.testng.TestRunner.run(TestRunner.java:614)\n\tat org.testng.SuiteRunner.runTest(SuiteRunner.java:421)\n\tat org.testng.SuiteRunner.runSequentially(SuiteRunner.java:413)\n\tat org.testng.SuiteRunner.privateRun(SuiteRunner.java:373)\n\tat org.testng.SuiteRunner.run(SuiteRunner.java:312)\n\tat org.testng.SuiteRunnerWorker.runSuite(SuiteRunnerWorker.java:52)\n\tat org.testng.SuiteRunnerWorker.run(SuiteRunnerWorker.java:95)\n\tat org.testng.TestNG.runSuitesSequentially(TestNG.java:1274)\n\tat org.testng.TestNG.runSuitesLocally(TestNG.java:1208)\n\tat org.testng.TestNG.runSuites(TestNG.java:1112)\n\tat org.testng.TestNG.run(TestNG.java:1079)\n\tat org.apache.maven.surefire.testng.TestNGExecutor.run(TestNGExecutor.java:308)\n\tat org.apache.maven.surefire.testng.TestNGXmlTestSuite.execute(TestNGXmlTestSuite.java:71)\n\tat org.apache.maven.surefire.testng.TestNGProvider.invoke(TestNGProvider.java:113)\n\tat org.apache.maven.surefire.booter.ForkedBooter.runSuitesInProcess(ForkedBooter.java:385)\n\tat org.apache.maven.surefire.booter.ForkedBooter.execute(ForkedBooter.java:162)\n\tat org.apache.maven.surefire.booter.ForkedBooter.run(ForkedBooter.java:507)\n\tat org.apache.maven.surefire.booter.ForkedBooter.main(ForkedBooter.java:495)\n","steps":[],"attachments":[],"parameters":[],"shouldDisplayMessage":true,"stepsCount":0,"attachmentsCount":0,"hasContent":true,"attachmentStep":false}],"attachments":[],"parameters":[],"shouldDisplayMessage":false,"stepsCount":1,"attachmentsCount":0,"hasContent":true,"attachmentStep":false}],"labels":[{"name":"package","value":"Tests.BankApp.BankAppListRefresh"},{"name":"testClass","value":"Tests.BankApp.BankAppListRefresh"},{"name":"testMethod","value":"addBankAndVerifyInList"},{"name":"parentSuite","value":"Regression_Suite"},{"name":"suite","value":"Autochek_WebApp_Automation - MT940 USer"},{"name":"subSuite","value":"Tests.BankApp.BankAppListRefresh"},{"name":"host","value":"runnervmwhb2z"},{"name":"thread","value":"2164@runnervmwhb2z.main(1)"},{"name":"framework","value":"testng"},{"name":"language","value":"java"},{"name":"story","value":"Add New Bank Account and verify in list"},{"name":"feature","value":"Positive Tests: Bank Sheet"},{"name":"epic","value":"Bank App"},{"name":"severity","value":"blocker"},{"name":"resultFormat","value":"allure2"}],"parameters":[],"links":[],"hidden":false,"retry":false,"extra":{"severity":"blocker","retries":[],"categories":[{"name":"Test defects","matchedStatuses":[]}],"history":{"statistic":{"failed":1,"broken":1,"skipped":0,"passed":8,"unknown":0,"total":10},"items":[{"uid":"9437ab5ad186b879","status":"passed","time":{"start":1761204104590,"stop":1761204116807,"duration":12217}},{"uid":"21f7ad87ddaa3646","status":"passed","time":{"start":1761202593472,"stop":1761202606159,"duration":12687}},{"uid":"fefd1b9d10f4e8cd","status":"passed","time":{"start":1761137564797,"stop":1761137578887,"duration":14090}},{"uid":"42c60c3ec702cc30","status":"failed","statusDetails":"New Bank is successfully Added expected [false] but found [true]","time":{"start":1761137171419,"stop":1761137184496,"duration":13077}},{"uid":"41b72c8df82d886a","status":"passed","time":{"start":1761131739160,"stop":1761131752957,"duration":13797}},{"uid":"14ad35b6ae2db9bd","status":"passed","time":{"start":1761131004298,"stop":1761131017733,"duration":13435}},{"uid":"4dff2aa56a82cec4","status":"passed","time":{"start":1761130239240,"stop":1761130251745,"duration":12505}},{"uid":"88bee39d4de33450","status":"passed","time":{"start":1761129316516,"stop":1761129328875,"duration":12359}},{"uid":"55a729787d22a9bd","status":"passed","time":{"start":1761128994954,"stop":1761129008043,"duration":13089}}]},"tags":[]},"source":"6367af20d8320e58.json","parameterValues":[]}