{"uid":"7fd2609ad1db844d","name":"Delete a newly added Bank via modal and verify it does not appears in the list","fullName":"Tests.BankApp.BankAppListRefresh.deleteBankAndVerify","historyId":"b53944ff84e160005e452e981d1af9e0","time":{"start":1761131020397,"stop":1761131022105,"duration":1708},"status":"broken","statusMessage":"element click intercepted: Element <button type=\"button\" class=\"_button_1qmla_5 _showLabel_1qmla_53\" data-testid=\"Table::ToolbarButton::Add Bank\" aria-label=\"\" style=\"--retool-toolbar-button-border-radius: 4px; --retool-toolbar-button-color: #0d0d0dff; --retool-toolbar-button-hover-background: #00000006; --retool-toolbar-button-active-background: #3170f91a; --retool-toolbar-button-accent: #3170f9;\">...</button> is not clickable at point (565, 259). Other element would receive the click: <div data-testid=\"FetchingMask::WidgetFetchingMask\" class=\"fetching-mask  fetching\">...</div>\n  (Session info: chrome=140.0.7339.207)\nBuild info: version: '4.21.0', revision: '79ed462ef4'\nSystem info: os.name: 'Linux', os.arch: 'amd64', os.version: '6.11.0-1018-azure', java.version: '22.0.2'\nDriver info: org.openqa.selenium.chrome.ChromeDriver\nCommand: [6f33ae0e11a4636c3fafa5a2ba06bfc7, clickElement {id=f.9E29C39DF67CA9FC26742C90EF4EC945.d.5DF6A7CC1AC1EAF77735A013DE7FCE2E.e.206}]\nCapabilities {acceptInsecureCerts: false, browserName: chrome, browserVersion: 140.0.7339.207, chrome: {chromedriverVersion: 140.0.7339.207 (17230b545fd..., userDataDir: /tmp/chrome-profile-1761130...}, fedcm:accounts: true, goog:chromeOptions: {debuggerAddress: localhost:40553}, networkConnectionEnabled: false, pageLoadStrategy: normal, platformName: linux, proxy: Proxy(), se:cdp: ws://localhost:40553/devtoo..., se:cdpVersion: 140.0.7339.207, setWindowRect: true, strictFileInteractability: false, timeouts: {implicit: 0, pageLoad: 300000, script: 30000}, unhandledPromptBehavior: dismiss and notify, webauthn:extension:credBlob: true, webauthn:extension:largeBlob: true, webauthn:extension:minPinLength: true, webauthn:extension:prf: true, webauthn:virtualAuthenticators: true}\nElement: [[ChromeDriver: chrome on linux (6f33ae0e11a4636c3fafa5a2ba06bfc7)] -> xpath: //button[text()='Add Bank']]\nSession ID: 6f33ae0e11a4636c3fafa5a2ba06bfc7","statusTrace":"org.openqa.selenium.ElementClickInterceptedException: element click intercepted: Element <button type=\"button\" class=\"_button_1qmla_5 _showLabel_1qmla_53\" data-testid=\"Table::ToolbarButton::Add Bank\" aria-label=\"\" style=\"--retool-toolbar-button-border-radius: 4px; --retool-toolbar-button-color: #0d0d0dff; --retool-toolbar-button-hover-background: #00000006; --retool-toolbar-button-active-background: #3170f91a; --retool-toolbar-button-accent: #3170f9;\">...</button> is not clickable at point (565, 259). Other element would receive the click: <div data-testid=\"FetchingMask::WidgetFetchingMask\" class=\"fetching-mask  fetching\">...</div>\n  (Session info: chrome=140.0.7339.207)\nBuild info: version: '4.21.0', revision: '79ed462ef4'\nSystem info: os.name: 'Linux', os.arch: 'amd64', os.version: '6.11.0-1018-azure', java.version: '22.0.2'\nDriver info: org.openqa.selenium.chrome.ChromeDriver\nCommand: [6f33ae0e11a4636c3fafa5a2ba06bfc7, clickElement {id=f.9E29C39DF67CA9FC26742C90EF4EC945.d.5DF6A7CC1AC1EAF77735A013DE7FCE2E.e.206}]\nCapabilities {acceptInsecureCerts: false, browserName: chrome, browserVersion: 140.0.7339.207, chrome: {chromedriverVersion: 140.0.7339.207 (17230b545fd..., userDataDir: /tmp/chrome-profile-1761130...}, fedcm:accounts: true, goog:chromeOptions: {debuggerAddress: localhost:40553}, networkConnectionEnabled: false, pageLoadStrategy: normal, platformName: linux, proxy: Proxy(), se:cdp: ws://localhost:40553/devtoo..., se:cdpVersion: 140.0.7339.207, setWindowRect: true, strictFileInteractability: false, timeouts: {implicit: 0, pageLoad: 300000, script: 30000}, unhandledPromptBehavior: dismiss and notify, webauthn:extension:credBlob: true, webauthn:extension:largeBlob: true, webauthn:extension:minPinLength: true, webauthn:extension:prf: true, webauthn:virtualAuthenticators: true}\nElement: [[ChromeDriver: chrome on linux (6f33ae0e11a4636c3fafa5a2ba06bfc7)] -> xpath: //button[text()='Add Bank']]\nSession ID: 6f33ae0e11a4636c3fafa5a2ba06bfc7\n\tat java.base/jdk.internal.reflect.DirectConstructorHandleAccessor.newInstance(DirectConstructorHandleAccessor.java:62)\n\tat java.base/java.lang.reflect.Constructor.newInstanceWithCaller(Constructor.java:502)\n\tat java.base/java.lang.reflect.Constructor.newInstance(Constructor.java:486)\n\tat org.openqa.selenium.remote.ErrorCodec.decode(ErrorCodec.java:167)\n\tat org.openqa.selenium.remote.codec.w3c.W3CHttpResponseCodec.decode(W3CHttpResponseCodec.java:138)\n\tat org.openqa.selenium.remote.codec.w3c.W3CHttpResponseCodec.decode(W3CHttpResponseCodec.java:50)\n\tat org.openqa.selenium.remote.HttpCommandExecutor.execute(HttpCommandExecutor.java:190)\n\tat org.openqa.selenium.remote.service.DriverCommandExecutor.invokeExecute(DriverCommandExecutor.java:216)\n\tat org.openqa.selenium.remote.service.DriverCommandExecutor.execute(DriverCommandExecutor.java:174)\n\tat org.openqa.selenium.remote.RemoteWebDriver.execute(RemoteWebDriver.java:518)\n\tat org.openqa.selenium.remote.RemoteWebElement.execute(RemoteWebElement.java:223)\n\tat org.openqa.selenium.remote.RemoteWebElement.click(RemoteWebElement.java:76)\n\tat Pages.BankApp.BankAppRefreshListPage.safeClick(BankAppRefreshListPage.java:75)\n\tat Pages.BankApp.BankAppRefreshListPage.openAddBankModal(BankAppRefreshListPage.java:113)\n\tat Pages.BankApp.BankAppRefreshListPage.addBank(BankAppRefreshListPage.java:169)\n\tat Tests.BankApp.BankAppListRefresh.deleteBankAndVerify(BankAppListRefresh.java:79)\n\tat java.base/jdk.internal.reflect.DirectMethodHandleAccessor.invoke(DirectMethodHandleAccessor.java:103)\n\tat java.base/java.lang.reflect.Method.invoke(Method.java:580)\n\tat org.testng.internal.invokers.MethodInvocationHelper.invokeMethod(MethodInvocationHelper.java:141)\n\tat org.testng.internal.invokers.TestInvoker.invokeMethod(TestInvoker.java:686)\n\tat org.testng.internal.invokers.TestInvoker.invokeTestMethod(TestInvoker.java:230)\n\tat org.testng.internal.invokers.MethodRunner.runInSequence(MethodRunner.java:63)\n\tat org.testng.internal.invokers.TestInvoker$MethodInvocationAgent.invoke(TestInvoker.java:992)\n\tat org.testng.internal.invokers.TestInvoker.invokeTestMethods(TestInvoker.java:203)\n\tat org.testng.internal.invokers.TestMethodWorker.invokeTestMethods(TestMethodWorker.java:154)\n\tat org.testng.internal.invokers.TestMethodWorker.run(TestMethodWorker.java:134)\n\tat java.base/java.util.ArrayList.forEach(ArrayList.java:1597)\n\tat org.testng.TestRunner.privateRun(TestRunner.java:739)\n\tat org.testng.TestRunner.run(TestRunner.java:614)\n\tat org.testng.SuiteRunner.runTest(SuiteRunner.java:421)\n\tat org.testng.SuiteRunner.runSequentially(SuiteRunner.java:413)\n\tat org.testng.SuiteRunner.privateRun(SuiteRunner.java:373)\n\tat org.testng.SuiteRunner.run(SuiteRunner.java:312)\n\tat org.testng.SuiteRunnerWorker.runSuite(SuiteRunnerWorker.java:52)\n\tat org.testng.SuiteRunnerWorker.run(SuiteRunnerWorker.java:95)\n\tat org.testng.TestNG.runSuitesSequentially(TestNG.java:1274)\n\tat org.testng.TestNG.runSuitesLocally(TestNG.java:1208)\n\tat org.testng.TestNG.runSuites(TestNG.java:1112)\n\tat org.testng.TestNG.run(TestNG.java:1079)\n\tat org.apache.maven.surefire.testng.TestNGExecutor.run(TestNGExecutor.java:308)\n\tat org.apache.maven.surefire.testng.TestNGXmlTestSuite.execute(TestNGXmlTestSuite.java:71)\n\tat org.apache.maven.surefire.testng.TestNGProvider.invoke(TestNGProvider.java:113)\n\tat org.apache.maven.surefire.booter.ForkedBooter.runSuitesInProcess(ForkedBooter.java:385)\n\tat org.apache.maven.surefire.booter.ForkedBooter.execute(ForkedBooter.java:162)\n\tat org.apache.maven.surefire.booter.ForkedBooter.run(ForkedBooter.java:507)\n\tat org.apache.maven.surefire.booter.ForkedBooter.main(ForkedBooter.java:495)\n","flaky":false,"newFailed":false,"newBroken":true,"newPassed":false,"retriesCount":0,"retriesStatusChange":false,"beforeStages":[{"name":"beforeEachClass","time":{"start":1761130999809,"stop":1761131000698,"duration":889},"description":"","status":"passed","steps":[],"attachments":[],"parameters":[],"shouldDisplayMessage":false,"stepsCount":0,"attachmentsCount":0,"hasContent":false,"attachmentStep":false},{"name":"beforeEachTest","time":{"start":1761131017748,"stop":1761131020394,"duration":2646},"description":"","status":"passed","steps":[],"attachments":[],"parameters":[],"shouldDisplayMessage":false,"stepsCount":0,"attachmentsCount":0,"hasContent":false,"attachmentStep":false}],"testStage":{"status":"broken","statusMessage":"element click intercepted: Element <button type=\"button\" class=\"_button_1qmla_5 _showLabel_1qmla_53\" data-testid=\"Table::ToolbarButton::Add Bank\" aria-label=\"\" style=\"--retool-toolbar-button-border-radius: 4px; --retool-toolbar-button-color: #0d0d0dff; --retool-toolbar-button-hover-background: #00000006; --retool-toolbar-button-active-background: #3170f91a; --retool-toolbar-button-accent: #3170f9;\">...</button> is not clickable at point (565, 259). Other element would receive the click: <div data-testid=\"FetchingMask::WidgetFetchingMask\" class=\"fetching-mask  fetching\">...</div>\n  (Session info: chrome=140.0.7339.207)\nBuild info: version: '4.21.0', revision: '79ed462ef4'\nSystem info: os.name: 'Linux', os.arch: 'amd64', os.version: '6.11.0-1018-azure', java.version: '22.0.2'\nDriver info: org.openqa.selenium.chrome.ChromeDriver\nCommand: [6f33ae0e11a4636c3fafa5a2ba06bfc7, clickElement {id=f.9E29C39DF67CA9FC26742C90EF4EC945.d.5DF6A7CC1AC1EAF77735A013DE7FCE2E.e.206}]\nCapabilities {acceptInsecureCerts: false, browserName: chrome, browserVersion: 140.0.7339.207, chrome: {chromedriverVersion: 140.0.7339.207 (17230b545fd..., userDataDir: /tmp/chrome-profile-1761130...}, fedcm:accounts: true, goog:chromeOptions: {debuggerAddress: localhost:40553}, networkConnectionEnabled: false, pageLoadStrategy: normal, platformName: linux, proxy: Proxy(), se:cdp: ws://localhost:40553/devtoo..., se:cdpVersion: 140.0.7339.207, setWindowRect: true, strictFileInteractability: false, timeouts: {implicit: 0, pageLoad: 300000, script: 30000}, unhandledPromptBehavior: dismiss and notify, webauthn:extension:credBlob: true, webauthn:extension:largeBlob: true, webauthn:extension:minPinLength: true, webauthn:extension:prf: true, webauthn:virtualAuthenticators: true}\nElement: [[ChromeDriver: chrome on linux (6f33ae0e11a4636c3fafa5a2ba06bfc7)] -> xpath: //button[text()='Add Bank']]\nSession ID: 6f33ae0e11a4636c3fafa5a2ba06bfc7","statusTrace":"org.openqa.selenium.ElementClickInterceptedException: element click intercepted: Element <button type=\"button\" class=\"_button_1qmla_5 _showLabel_1qmla_53\" data-testid=\"Table::ToolbarButton::Add Bank\" aria-label=\"\" style=\"--retool-toolbar-button-border-radius: 4px; --retool-toolbar-button-color: #0d0d0dff; --retool-toolbar-button-hover-background: #00000006; --retool-toolbar-button-active-background: #3170f91a; --retool-toolbar-button-accent: #3170f9;\">...</button> is not clickable at point (565, 259). Other element would receive the click: <div data-testid=\"FetchingMask::WidgetFetchingMask\" class=\"fetching-mask  fetching\">...</div>\n  (Session info: chrome=140.0.7339.207)\nBuild info: version: '4.21.0', revision: '79ed462ef4'\nSystem info: os.name: 'Linux', os.arch: 'amd64', os.version: '6.11.0-1018-azure', java.version: '22.0.2'\nDriver info: org.openqa.selenium.chrome.ChromeDriver\nCommand: [6f33ae0e11a4636c3fafa5a2ba06bfc7, clickElement {id=f.9E29C39DF67CA9FC26742C90EF4EC945.d.5DF6A7CC1AC1EAF77735A013DE7FCE2E.e.206}]\nCapabilities {acceptInsecureCerts: false, browserName: chrome, browserVersion: 140.0.7339.207, chrome: {chromedriverVersion: 140.0.7339.207 (17230b545fd..., userDataDir: /tmp/chrome-profile-1761130...}, fedcm:accounts: true, goog:chromeOptions: {debuggerAddress: localhost:40553}, networkConnectionEnabled: false, pageLoadStrategy: normal, platformName: linux, proxy: Proxy(), se:cdp: ws://localhost:40553/devtoo..., se:cdpVersion: 140.0.7339.207, setWindowRect: true, strictFileInteractability: false, timeouts: {implicit: 0, pageLoad: 300000, script: 30000}, unhandledPromptBehavior: dismiss and notify, webauthn:extension:credBlob: true, webauthn:extension:largeBlob: true, webauthn:extension:minPinLength: true, webauthn:extension:prf: true, webauthn:virtualAuthenticators: true}\nElement: [[ChromeDriver: chrome on linux (6f33ae0e11a4636c3fafa5a2ba06bfc7)] -> xpath: //button[text()='Add Bank']]\nSession ID: 6f33ae0e11a4636c3fafa5a2ba06bfc7\n\tat java.base/jdk.internal.reflect.DirectConstructorHandleAccessor.newInstance(DirectConstructorHandleAccessor.java:62)\n\tat java.base/java.lang.reflect.Constructor.newInstanceWithCaller(Constructor.java:502)\n\tat java.base/java.lang.reflect.Constructor.newInstance(Constructor.java:486)\n\tat org.openqa.selenium.remote.ErrorCodec.decode(ErrorCodec.java:167)\n\tat org.openqa.selenium.remote.codec.w3c.W3CHttpResponseCodec.decode(W3CHttpResponseCodec.java:138)\n\tat org.openqa.selenium.remote.codec.w3c.W3CHttpResponseCodec.decode(W3CHttpResponseCodec.java:50)\n\tat org.openqa.selenium.remote.HttpCommandExecutor.execute(HttpCommandExecutor.java:190)\n\tat org.openqa.selenium.remote.service.DriverCommandExecutor.invokeExecute(DriverCommandExecutor.java:216)\n\tat org.openqa.selenium.remote.service.DriverCommandExecutor.execute(DriverCommandExecutor.java:174)\n\tat org.openqa.selenium.remote.RemoteWebDriver.execute(RemoteWebDriver.java:518)\n\tat org.openqa.selenium.remote.RemoteWebElement.execute(RemoteWebElement.java:223)\n\tat org.openqa.selenium.remote.RemoteWebElement.click(RemoteWebElement.java:76)\n\tat Pages.BankApp.BankAppRefreshListPage.safeClick(BankAppRefreshListPage.java:75)\n\tat Pages.BankApp.BankAppRefreshListPage.openAddBankModal(BankAppRefreshListPage.java:113)\n\tat Pages.BankApp.BankAppRefreshListPage.addBank(BankAppRefreshListPage.java:169)\n\tat Tests.BankApp.BankAppListRefresh.deleteBankAndVerify(BankAppListRefresh.java:79)\n\tat java.base/jdk.internal.reflect.DirectMethodHandleAccessor.invoke(DirectMethodHandleAccessor.java:103)\n\tat java.base/java.lang.reflect.Method.invoke(Method.java:580)\n\tat org.testng.internal.invokers.MethodInvocationHelper.invokeMethod(MethodInvocationHelper.java:141)\n\tat org.testng.internal.invokers.TestInvoker.invokeMethod(TestInvoker.java:686)\n\tat org.testng.internal.invokers.TestInvoker.invokeTestMethod(TestInvoker.java:230)\n\tat org.testng.internal.invokers.MethodRunner.runInSequence(MethodRunner.java:63)\n\tat org.testng.internal.invokers.TestInvoker$MethodInvocationAgent.invoke(TestInvoker.java:992)\n\tat org.testng.internal.invokers.TestInvoker.invokeTestMethods(TestInvoker.java:203)\n\tat org.testng.internal.invokers.TestMethodWorker.invokeTestMethods(TestMethodWorker.java:154)\n\tat org.testng.internal.invokers.TestMethodWorker.run(TestMethodWorker.java:134)\n\tat java.base/java.util.ArrayList.forEach(ArrayList.java:1597)\n\tat org.testng.TestRunner.privateRun(TestRunner.java:739)\n\tat org.testng.TestRunner.run(TestRunner.java:614)\n\tat org.testng.SuiteRunner.runTest(SuiteRunner.java:421)\n\tat org.testng.SuiteRunner.runSequentially(SuiteRunner.java:413)\n\tat org.testng.SuiteRunner.privateRun(SuiteRunner.java:373)\n\tat org.testng.SuiteRunner.run(SuiteRunner.java:312)\n\tat org.testng.SuiteRunnerWorker.runSuite(SuiteRunnerWorker.java:52)\n\tat org.testng.SuiteRunnerWorker.run(SuiteRunnerWorker.java:95)\n\tat org.testng.TestNG.runSuitesSequentially(TestNG.java:1274)\n\tat org.testng.TestNG.runSuitesLocally(TestNG.java:1208)\n\tat org.testng.TestNG.runSuites(TestNG.java:1112)\n\tat org.testng.TestNG.run(TestNG.java:1079)\n\tat org.apache.maven.surefire.testng.TestNGExecutor.run(TestNGExecutor.java:308)\n\tat org.apache.maven.surefire.testng.TestNGXmlTestSuite.execute(TestNGXmlTestSuite.java:71)\n\tat org.apache.maven.surefire.testng.TestNGProvider.invoke(TestNGProvider.java:113)\n\tat org.apache.maven.surefire.booter.ForkedBooter.runSuitesInProcess(ForkedBooter.java:385)\n\tat org.apache.maven.surefire.booter.ForkedBooter.execute(ForkedBooter.java:162)\n\tat org.apache.maven.surefire.booter.ForkedBooter.run(ForkedBooter.java:507)\n\tat org.apache.maven.surefire.booter.ForkedBooter.main(ForkedBooter.java:495)\n","steps":[{"name":"Add new bank end-to-end","time":{"start":1761131020397,"stop":1761131022009,"duration":1612},"status":"broken","statusMessage":"element click intercepted: Element <button type=\"button\" class=\"_button_1qmla_5 _showLabel_1qmla_53\" data-testid=\"Table::ToolbarButton::Add Bank\" aria-label=\"\" style=\"--retool-toolbar-button-border-radius: 4px; --retool-toolbar-button-color: #0d0d0dff; --retool-toolbar-button-hover-background: #00000006; --retool-toolbar-button-active-background: #3170f91a; --retool-toolbar-button-accent: #3170f9;\">...</button> is not clickable at point (565, 259). Other element would receive the click: <div data-testid=\"FetchingMask::WidgetFetchingMask\" class=\"fetching-mask  fetching\">...</div>\n  (Session info: chrome=140.0.7339.207)\nBuild info: version: '4.21.0', revision: '79ed462ef4'\nSystem info: os.name: 'Linux', os.arch: 'amd64', os.version: '6.11.0-1018-azure', java.version: '22.0.2'\nDriver info: org.openqa.selenium.chrome.ChromeDriver\nCommand: [6f33ae0e11a4636c3fafa5a2ba06bfc7, clickElement {id=f.9E29C39DF67CA9FC26742C90EF4EC945.d.5DF6A7CC1AC1EAF77735A013DE7FCE2E.e.206}]\nCapabilities {acceptInsecureCerts: false, browserName: chrome, browserVersion: 140.0.7339.207, chrome: {chromedriverVersion: 140.0.7339.207 (17230b545fd..., userDataDir: /tmp/chrome-profile-1761130...}, fedcm:accounts: true, goog:chromeOptions: {debuggerAddress: localhost:40553}, networkConnectionEnabled: false, pageLoadStrategy: normal, platformName: linux, proxy: Proxy(), se:cdp: ws://localhost:40553/devtoo..., se:cdpVersion: 140.0.7339.207, setWindowRect: true, strictFileInteractability: false, timeouts: {implicit: 0, pageLoad: 300000, script: 30000}, unhandledPromptBehavior: dismiss and notify, webauthn:extension:credBlob: true, webauthn:extension:largeBlob: true, webauthn:extension:minPinLength: true, webauthn:extension:prf: true, webauthn:virtualAuthenticators: true}\nElement: [[ChromeDriver: chrome on linux (6f33ae0e11a4636c3fafa5a2ba06bfc7)] -> xpath: //button[text()='Add Bank']]\nSession ID: 6f33ae0e11a4636c3fafa5a2ba06bfc7","statusTrace":"org.openqa.selenium.ElementClickInterceptedException: element click intercepted: Element <button type=\"button\" class=\"_button_1qmla_5 _showLabel_1qmla_53\" data-testid=\"Table::ToolbarButton::Add Bank\" aria-label=\"\" style=\"--retool-toolbar-button-border-radius: 4px; --retool-toolbar-button-color: #0d0d0dff; --retool-toolbar-button-hover-background: #00000006; --retool-toolbar-button-active-background: #3170f91a; --retool-toolbar-button-accent: #3170f9;\">...</button> is not clickable at point (565, 259). Other element would receive the click: <div data-testid=\"FetchingMask::WidgetFetchingMask\" class=\"fetching-mask  fetching\">...</div>\n  (Session info: chrome=140.0.7339.207)\nBuild info: version: '4.21.0', revision: '79ed462ef4'\nSystem info: os.name: 'Linux', os.arch: 'amd64', os.version: '6.11.0-1018-azure', java.version: '22.0.2'\nDriver info: org.openqa.selenium.chrome.ChromeDriver\nCommand: [6f33ae0e11a4636c3fafa5a2ba06bfc7, clickElement {id=f.9E29C39DF67CA9FC26742C90EF4EC945.d.5DF6A7CC1AC1EAF77735A013DE7FCE2E.e.206}]\nCapabilities {acceptInsecureCerts: false, browserName: chrome, browserVersion: 140.0.7339.207, chrome: {chromedriverVersion: 140.0.7339.207 (17230b545fd..., userDataDir: /tmp/chrome-profile-1761130...}, fedcm:accounts: true, goog:chromeOptions: {debuggerAddress: localhost:40553}, networkConnectionEnabled: false, pageLoadStrategy: normal, platformName: linux, proxy: Proxy(), se:cdp: ws://localhost:40553/devtoo..., se:cdpVersion: 140.0.7339.207, setWindowRect: true, strictFileInteractability: false, timeouts: {implicit: 0, pageLoad: 300000, script: 30000}, unhandledPromptBehavior: dismiss and notify, webauthn:extension:credBlob: true, webauthn:extension:largeBlob: true, webauthn:extension:minPinLength: true, webauthn:extension:prf: true, webauthn:virtualAuthenticators: true}\nElement: [[ChromeDriver: chrome on linux (6f33ae0e11a4636c3fafa5a2ba06bfc7)] -> xpath: //button[text()='Add Bank']]\nSession ID: 6f33ae0e11a4636c3fafa5a2ba06bfc7\n\tat java.base/jdk.internal.reflect.DirectConstructorHandleAccessor.newInstance(DirectConstructorHandleAccessor.java:62)\n\tat java.base/java.lang.reflect.Constructor.newInstanceWithCaller(Constructor.java:502)\n\tat java.base/java.lang.reflect.Constructor.newInstance(Constructor.java:486)\n\tat org.openqa.selenium.remote.ErrorCodec.decode(ErrorCodec.java:167)\n\tat org.openqa.selenium.remote.codec.w3c.W3CHttpResponseCodec.decode(W3CHttpResponseCodec.java:138)\n\tat org.openqa.selenium.remote.codec.w3c.W3CHttpResponseCodec.decode(W3CHttpResponseCodec.java:50)\n\tat org.openqa.selenium.remote.HttpCommandExecutor.execute(HttpCommandExecutor.java:190)\n\tat org.openqa.selenium.remote.service.DriverCommandExecutor.invokeExecute(DriverCommandExecutor.java:216)\n\tat org.openqa.selenium.remote.service.DriverCommandExecutor.execute(DriverCommandExecutor.java:174)\n\tat org.openqa.selenium.remote.RemoteWebDriver.execute(RemoteWebDriver.java:518)\n\tat org.openqa.selenium.remote.RemoteWebElement.execute(RemoteWebElement.java:223)\n\tat org.openqa.selenium.remote.RemoteWebElement.click(RemoteWebElement.java:76)\n\tat Pages.BankApp.BankAppRefreshListPage.safeClick(BankAppRefreshListPage.java:75)\n\tat Pages.BankApp.BankAppRefreshListPage.openAddBankModal(BankAppRefreshListPage.java:113)\n\tat Pages.BankApp.BankAppRefreshListPage.addBank(BankAppRefreshListPage.java:169)\n\tat Tests.BankApp.BankAppListRefresh.deleteBankAndVerify(BankAppListRefresh.java:79)\n\tat java.base/jdk.internal.reflect.DirectMethodHandleAccessor.invoke(DirectMethodHandleAccessor.java:103)\n\tat java.base/java.lang.reflect.Method.invoke(Method.java:580)\n\tat org.testng.internal.invokers.MethodInvocationHelper.invokeMethod(MethodInvocationHelper.java:141)\n\tat org.testng.internal.invokers.TestInvoker.invokeMethod(TestInvoker.java:686)\n\tat org.testng.internal.invokers.TestInvoker.invokeTestMethod(TestInvoker.java:230)\n\tat org.testng.internal.invokers.MethodRunner.runInSequence(MethodRunner.java:63)\n\tat org.testng.internal.invokers.TestInvoker$MethodInvocationAgent.invoke(TestInvoker.java:992)\n\tat org.testng.internal.invokers.TestInvoker.invokeTestMethods(TestInvoker.java:203)\n\tat org.testng.internal.invokers.TestMethodWorker.invokeTestMethods(TestMethodWorker.java:154)\n\tat org.testng.internal.invokers.TestMethodWorker.run(TestMethodWorker.java:134)\n\tat java.base/java.util.ArrayList.forEach(ArrayList.java:1597)\n\tat org.testng.TestRunner.privateRun(TestRunner.java:739)\n\tat org.testng.TestRunner.run(TestRunner.java:614)\n\tat org.testng.SuiteRunner.runTest(SuiteRunner.java:421)\n\tat org.testng.SuiteRunner.runSequentially(SuiteRunner.java:413)\n\tat org.testng.SuiteRunner.privateRun(SuiteRunner.java:373)\n\tat org.testng.SuiteRunner.run(SuiteRunner.java:312)\n\tat org.testng.SuiteRunnerWorker.runSuite(SuiteRunnerWorker.java:52)\n\tat org.testng.SuiteRunnerWorker.run(SuiteRunnerWorker.java:95)\n\tat org.testng.TestNG.runSuitesSequentially(TestNG.java:1274)\n\tat org.testng.TestNG.runSuitesLocally(TestNG.java:1208)\n\tat org.testng.TestNG.runSuites(TestNG.java:1112)\n\tat org.testng.TestNG.run(TestNG.java:1079)\n\tat org.apache.maven.surefire.testng.TestNGExecutor.run(TestNGExecutor.java:308)\n\tat org.apache.maven.surefire.testng.TestNGXmlTestSuite.execute(TestNGXmlTestSuite.java:71)\n\tat org.apache.maven.surefire.testng.TestNGProvider.invoke(TestNGProvider.java:113)\n\tat org.apache.maven.surefire.booter.ForkedBooter.runSuitesInProcess(ForkedBooter.java:385)\n\tat org.apache.maven.surefire.booter.ForkedBooter.execute(ForkedBooter.java:162)\n\tat org.apache.maven.surefire.booter.ForkedBooter.run(ForkedBooter.java:507)\n\tat org.apache.maven.surefire.booter.ForkedBooter.main(ForkedBooter.java:495)\n","steps":[{"name":"Open 'Add Bank' modal","time":{"start":1761131020398,"stop":1761131022008,"duration":1610},"status":"broken","statusMessage":"element click intercepted: Element <button type=\"button\" class=\"_button_1qmla_5 _showLabel_1qmla_53\" data-testid=\"Table::ToolbarButton::Add Bank\" aria-label=\"\" style=\"--retool-toolbar-button-border-radius: 4px; --retool-toolbar-button-color: #0d0d0dff; --retool-toolbar-button-hover-background: #00000006; --retool-toolbar-button-active-background: #3170f91a; --retool-toolbar-button-accent: #3170f9;\">...</button> is not clickable at point (565, 259). Other element would receive the click: <div data-testid=\"FetchingMask::WidgetFetchingMask\" class=\"fetching-mask  fetching\">...</div>\n  (Session info: chrome=140.0.7339.207)\nBuild info: version: '4.21.0', revision: '79ed462ef4'\nSystem info: os.name: 'Linux', os.arch: 'amd64', os.version: '6.11.0-1018-azure', java.version: '22.0.2'\nDriver info: org.openqa.selenium.chrome.ChromeDriver\nCommand: [6f33ae0e11a4636c3fafa5a2ba06bfc7, clickElement {id=f.9E29C39DF67CA9FC26742C90EF4EC945.d.5DF6A7CC1AC1EAF77735A013DE7FCE2E.e.206}]\nCapabilities {acceptInsecureCerts: false, browserName: chrome, browserVersion: 140.0.7339.207, chrome: {chromedriverVersion: 140.0.7339.207 (17230b545fd..., userDataDir: /tmp/chrome-profile-1761130...}, fedcm:accounts: true, goog:chromeOptions: {debuggerAddress: localhost:40553}, networkConnectionEnabled: false, pageLoadStrategy: normal, platformName: linux, proxy: Proxy(), se:cdp: ws://localhost:40553/devtoo..., se:cdpVersion: 140.0.7339.207, setWindowRect: true, strictFileInteractability: false, timeouts: {implicit: 0, pageLoad: 300000, script: 30000}, unhandledPromptBehavior: dismiss and notify, webauthn:extension:credBlob: true, webauthn:extension:largeBlob: true, webauthn:extension:minPinLength: true, webauthn:extension:prf: true, webauthn:virtualAuthenticators: true}\nElement: [[ChromeDriver: chrome on linux (6f33ae0e11a4636c3fafa5a2ba06bfc7)] -> xpath: //button[text()='Add Bank']]\nSession ID: 6f33ae0e11a4636c3fafa5a2ba06bfc7","statusTrace":"org.openqa.selenium.ElementClickInterceptedException: element click intercepted: Element <button type=\"button\" class=\"_button_1qmla_5 _showLabel_1qmla_53\" data-testid=\"Table::ToolbarButton::Add Bank\" aria-label=\"\" style=\"--retool-toolbar-button-border-radius: 4px; --retool-toolbar-button-color: #0d0d0dff; --retool-toolbar-button-hover-background: #00000006; --retool-toolbar-button-active-background: #3170f91a; --retool-toolbar-button-accent: #3170f9;\">...</button> is not clickable at point (565, 259). Other element would receive the click: <div data-testid=\"FetchingMask::WidgetFetchingMask\" class=\"fetching-mask  fetching\">...</div>\n  (Session info: chrome=140.0.7339.207)\nBuild info: version: '4.21.0', revision: '79ed462ef4'\nSystem info: os.name: 'Linux', os.arch: 'amd64', os.version: '6.11.0-1018-azure', java.version: '22.0.2'\nDriver info: org.openqa.selenium.chrome.ChromeDriver\nCommand: [6f33ae0e11a4636c3fafa5a2ba06bfc7, clickElement {id=f.9E29C39DF67CA9FC26742C90EF4EC945.d.5DF6A7CC1AC1EAF77735A013DE7FCE2E.e.206}]\nCapabilities {acceptInsecureCerts: false, browserName: chrome, browserVersion: 140.0.7339.207, chrome: {chromedriverVersion: 140.0.7339.207 (17230b545fd..., userDataDir: /tmp/chrome-profile-1761130...}, fedcm:accounts: true, goog:chromeOptions: {debuggerAddress: localhost:40553}, networkConnectionEnabled: false, pageLoadStrategy: normal, platformName: linux, proxy: Proxy(), se:cdp: ws://localhost:40553/devtoo..., se:cdpVersion: 140.0.7339.207, setWindowRect: true, strictFileInteractability: false, timeouts: {implicit: 0, pageLoad: 300000, script: 30000}, unhandledPromptBehavior: dismiss and notify, webauthn:extension:credBlob: true, webauthn:extension:largeBlob: true, webauthn:extension:minPinLength: true, webauthn:extension:prf: true, webauthn:virtualAuthenticators: true}\nElement: [[ChromeDriver: chrome on linux (6f33ae0e11a4636c3fafa5a2ba06bfc7)] -> xpath: //button[text()='Add Bank']]\nSession ID: 6f33ae0e11a4636c3fafa5a2ba06bfc7\n\tat java.base/jdk.internal.reflect.DirectConstructorHandleAccessor.newInstance(DirectConstructorHandleAccessor.java:62)\n\tat java.base/java.lang.reflect.Constructor.newInstanceWithCaller(Constructor.java:502)\n\tat java.base/java.lang.reflect.Constructor.newInstance(Constructor.java:486)\n\tat org.openqa.selenium.remote.ErrorCodec.decode(ErrorCodec.java:167)\n\tat org.openqa.selenium.remote.codec.w3c.W3CHttpResponseCodec.decode(W3CHttpResponseCodec.java:138)\n\tat org.openqa.selenium.remote.codec.w3c.W3CHttpResponseCodec.decode(W3CHttpResponseCodec.java:50)\n\tat org.openqa.selenium.remote.HttpCommandExecutor.execute(HttpCommandExecutor.java:190)\n\tat org.openqa.selenium.remote.service.DriverCommandExecutor.invokeExecute(DriverCommandExecutor.java:216)\n\tat org.openqa.selenium.remote.service.DriverCommandExecutor.execute(DriverCommandExecutor.java:174)\n\tat org.openqa.selenium.remote.RemoteWebDriver.execute(RemoteWebDriver.java:518)\n\tat org.openqa.selenium.remote.RemoteWebElement.execute(RemoteWebElement.java:223)\n\tat org.openqa.selenium.remote.RemoteWebElement.click(RemoteWebElement.java:76)\n\tat Pages.BankApp.BankAppRefreshListPage.safeClick(BankAppRefreshListPage.java:75)\n\tat Pages.BankApp.BankAppRefreshListPage.openAddBankModal(BankAppRefreshListPage.java:113)\n\tat Pages.BankApp.BankAppRefreshListPage.addBank(BankAppRefreshListPage.java:169)\n\tat Tests.BankApp.BankAppListRefresh.deleteBankAndVerify(BankAppListRefresh.java:79)\n\tat java.base/jdk.internal.reflect.DirectMethodHandleAccessor.invoke(DirectMethodHandleAccessor.java:103)\n\tat java.base/java.lang.reflect.Method.invoke(Method.java:580)\n\tat org.testng.internal.invokers.MethodInvocationHelper.invokeMethod(MethodInvocationHelper.java:141)\n\tat org.testng.internal.invokers.TestInvoker.invokeMethod(TestInvoker.java:686)\n\tat org.testng.internal.invokers.TestInvoker.invokeTestMethod(TestInvoker.java:230)\n\tat org.testng.internal.invokers.MethodRunner.runInSequence(MethodRunner.java:63)\n\tat org.testng.internal.invokers.TestInvoker$MethodInvocationAgent.invoke(TestInvoker.java:992)\n\tat org.testng.internal.invokers.TestInvoker.invokeTestMethods(TestInvoker.java:203)\n\tat org.testng.internal.invokers.TestMethodWorker.invokeTestMethods(TestMethodWorker.java:154)\n\tat org.testng.internal.invokers.TestMethodWorker.run(TestMethodWorker.java:134)\n\tat java.base/java.util.ArrayList.forEach(ArrayList.java:1597)\n\tat org.testng.TestRunner.privateRun(TestRunner.java:739)\n\tat org.testng.TestRunner.run(TestRunner.java:614)\n\tat org.testng.SuiteRunner.runTest(SuiteRunner.java:421)\n\tat org.testng.SuiteRunner.runSequentially(SuiteRunner.java:413)\n\tat org.testng.SuiteRunner.privateRun(SuiteRunner.java:373)\n\tat org.testng.SuiteRunner.run(SuiteRunner.java:312)\n\tat org.testng.SuiteRunnerWorker.runSuite(SuiteRunnerWorker.java:52)\n\tat org.testng.SuiteRunnerWorker.run(SuiteRunnerWorker.java:95)\n\tat org.testng.TestNG.runSuitesSequentially(TestNG.java:1274)\n\tat org.testng.TestNG.runSuitesLocally(TestNG.java:1208)\n\tat org.testng.TestNG.runSuites(TestNG.java:1112)\n\tat org.testng.TestNG.run(TestNG.java:1079)\n\tat org.apache.maven.surefire.testng.TestNGExecutor.run(TestNGExecutor.java:308)\n\tat org.apache.maven.surefire.testng.TestNGXmlTestSuite.execute(TestNGXmlTestSuite.java:71)\n\tat org.apache.maven.surefire.testng.TestNGProvider.invoke(TestNGProvider.java:113)\n\tat org.apache.maven.surefire.booter.ForkedBooter.runSuitesInProcess(ForkedBooter.java:385)\n\tat org.apache.maven.surefire.booter.ForkedBooter.execute(ForkedBooter.java:162)\n\tat org.apache.maven.surefire.booter.ForkedBooter.run(ForkedBooter.java:507)\n\tat org.apache.maven.surefire.booter.ForkedBooter.main(ForkedBooter.java:495)\n","steps":[],"attachments":[],"parameters":[],"shouldDisplayMessage":true,"stepsCount":0,"attachmentsCount":0,"hasContent":true,"attachmentStep":false}],"attachments":[],"parameters":[{"name":"bankName","value":"AutoTest Bank 020397"},{"name":"accountNumber","value":"ACC020397"}],"shouldDisplayMessage":false,"stepsCount":1,"attachmentsCount":0,"hasContent":true,"attachmentStep":false}],"attachments":[{"uid":"bee59b308d6d82e0","name":"Page Screenshot","source":"bee59b308d6d82e0.png","type":"image/png","size":56207},{"uid":"3a6e82295746f6cc","name":"stacktrace","source":"3a6e82295746f6cc.txt","type":"text/plain","size":19}],"parameters":[],"shouldDisplayMessage":false,"stepsCount":2,"attachmentsCount":2,"hasContent":true,"attachmentStep":false},"afterStages":[{"name":"Logout","time":{"start":1761131163554,"stop":1761131173779,"duration":10225},"description":"","status":"passed","steps":[{"name":"Clicking on Logout Button","time":{"start":1761131163554,"stop":1761131173779,"duration":10225},"status":"broken","statusMessage":"Expected condition failed: waiting for element to be clickable: By.xpath: //img[@alt='logout-icon'] (tried for 10 second(s) with 500 milliseconds interval)\nBuild info: version: '4.21.0', revision: '79ed462ef4'\nSystem info: os.name: 'Linux', os.arch: 'amd64', os.version: '6.11.0-1018-azure', java.version: '22.0.2'\nDriver info: org.openqa.selenium.chrome.ChromeDriver\nCapabilities {acceptInsecureCerts: false, browserName: chrome, browserVersion: 140.0.7339.207, chrome: {chromedriverVersion: 140.0.7339.207 (17230b545fd..., userDataDir: /tmp/chrome-profile-1761130...}, fedcm:accounts: true, goog:chromeOptions: {debuggerAddress: localhost:40553}, networkConnectionEnabled: false, pageLoadStrategy: normal, platformName: linux, proxy: Proxy(), se:cdp: ws://localhost:40553/devtoo..., se:cdpVersion: 140.0.7339.207, setWindowRect: true, strictFileInteractability: false, timeouts: {implicit: 0, pageLoad: 300000, script: 30000}, unhandledPromptBehavior: dismiss and notify, webauthn:extension:credBlob: true, webauthn:extension:largeBlob: true, webauthn:extension:minPinLength: true, webauthn:extension:prf: true, webauthn:virtualAuthenticators: true}\nSession ID: 6f33ae0e11a4636c3fafa5a2ba06bfc7","statusTrace":"org.openqa.selenium.TimeoutException: Expected condition failed: waiting for element to be clickable: By.xpath: //img[@alt='logout-icon'] (tried for 10 second(s) with 500 milliseconds interval)\nBuild info: version: '4.21.0', revision: '79ed462ef4'\nSystem info: os.name: 'Linux', os.arch: 'amd64', os.version: '6.11.0-1018-azure', java.version: '22.0.2'\nDriver info: org.openqa.selenium.chrome.ChromeDriver\nCapabilities {acceptInsecureCerts: false, browserName: chrome, browserVersion: 140.0.7339.207, chrome: {chromedriverVersion: 140.0.7339.207 (17230b545fd..., userDataDir: /tmp/chrome-profile-1761130...}, fedcm:accounts: true, goog:chromeOptions: {debuggerAddress: localhost:40553}, networkConnectionEnabled: false, pageLoadStrategy: normal, platformName: linux, proxy: Proxy(), se:cdp: ws://localhost:40553/devtoo..., se:cdpVersion: 140.0.7339.207, setWindowRect: true, strictFileInteractability: false, timeouts: {implicit: 0, pageLoad: 300000, script: 30000}, unhandledPromptBehavior: dismiss and notify, webauthn:extension:credBlob: true, webauthn:extension:largeBlob: true, webauthn:extension:minPinLength: true, webauthn:extension:prf: true, webauthn:virtualAuthenticators: true}\nSession ID: 6f33ae0e11a4636c3fafa5a2ba06bfc7\n\tat org.openqa.selenium.support.ui.WebDriverWait.timeoutException(WebDriverWait.java:84)\n\tat org.openqa.selenium.support.ui.FluentWait.until(FluentWait.java:228)\n\tat Pages.DealerPlus.LoginPage.ClickOnLogoutButton(LoginPage.java:64)\n\tat Tests.BankApp.BankAppListRefresh.Logout(BankAppListRefresh.java:20)\n\tat java.base/jdk.internal.reflect.DirectMethodHandleAccessor.invoke(DirectMethodHandleAccessor.java:103)\n\tat java.base/java.lang.reflect.Method.invoke(Method.java:580)\n\tat org.testng.internal.invokers.MethodInvocationHelper.invokeMethod(MethodInvocationHelper.java:141)\n\tat org.testng.internal.invokers.MethodInvocationHelper.invokeMethodConsideringTimeout(MethodInvocationHelper.java:71)\n\tat org.testng.internal.invokers.ConfigInvoker.invokeConfigurationMethod(ConfigInvoker.java:400)\n\tat org.testng.internal.invokers.ConfigInvoker.invokeConfigurations(ConfigInvoker.java:333)\n\tat org.testng.internal.invokers.TestMethodWorker.invokeAfterClassConfigurations(TestMethodWorker.java:238)\n\tat org.testng.internal.invokers.TestMethodWorker.invokeAfterClassMethods(TestMethodWorker.java:223)\n\tat org.testng.internal.invokers.TestMethodWorker.run(TestMethodWorker.java:137)\n\tat java.base/java.util.ArrayList.forEach(ArrayList.java:1597)\n\tat org.testng.TestRunner.privateRun(TestRunner.java:739)\n\tat org.testng.TestRunner.run(TestRunner.java:614)\n\tat org.testng.SuiteRunner.runTest(SuiteRunner.java:421)\n\tat org.testng.SuiteRunner.runSequentially(SuiteRunner.java:413)\n\tat org.testng.SuiteRunner.privateRun(SuiteRunner.java:373)\n\tat org.testng.SuiteRunner.run(SuiteRunner.java:312)\n\tat org.testng.SuiteRunnerWorker.runSuite(SuiteRunnerWorker.java:52)\n\tat org.testng.SuiteRunnerWorker.run(SuiteRunnerWorker.java:95)\n\tat org.testng.TestNG.runSuitesSequentially(TestNG.java:1274)\n\tat org.testng.TestNG.runSuitesLocally(TestNG.java:1208)\n\tat org.testng.TestNG.runSuites(TestNG.java:1112)\n\tat org.testng.TestNG.run(TestNG.java:1079)\n\tat org.apache.maven.surefire.testng.TestNGExecutor.run(TestNGExecutor.java:308)\n\tat org.apache.maven.surefire.testng.TestNGXmlTestSuite.execute(TestNGXmlTestSuite.java:71)\n\tat org.apache.maven.surefire.testng.TestNGProvider.invoke(TestNGProvider.java:113)\n\tat org.apache.maven.surefire.booter.ForkedBooter.runSuitesInProcess(ForkedBooter.java:385)\n\tat org.apache.maven.surefire.booter.ForkedBooter.execute(ForkedBooter.java:162)\n\tat org.apache.maven.surefire.booter.ForkedBooter.run(ForkedBooter.java:507)\n\tat org.apache.maven.surefire.booter.ForkedBooter.main(ForkedBooter.java:495)\n","steps":[],"attachments":[],"parameters":[],"shouldDisplayMessage":true,"stepsCount":0,"attachmentsCount":0,"hasContent":true,"attachmentStep":false}],"attachments":[],"parameters":[],"shouldDisplayMessage":false,"stepsCount":1,"attachmentsCount":0,"hasContent":true,"attachmentStep":false}],"labels":[{"name":"package","value":"Tests.BankApp.BankAppListRefresh"},{"name":"testClass","value":"Tests.BankApp.BankAppListRefresh"},{"name":"testMethod","value":"deleteBankAndVerify"},{"name":"parentSuite","value":"Regression_Suite"},{"name":"suite","value":"Autochek_WebApp_Automation - MT940 USer"},{"name":"subSuite","value":"Tests.BankApp.BankAppListRefresh"},{"name":"host","value":"runnervmwhb2z"},{"name":"thread","value":"2204@runnervmwhb2z.main(1)"},{"name":"framework","value":"testng"},{"name":"language","value":"java"},{"name":"story","value":"Delete New Bank Account and verify in list"},{"name":"feature","value":"Positive Tests: Bank Sheet"},{"name":"epic","value":"Bank App"},{"name":"severity","value":"blocker"},{"name":"resultFormat","value":"allure2"}],"parameters":[],"links":[],"hidden":false,"retry":false,"extra":{"severity":"blocker","retries":[],"categories":[{"name":"Test defects","matchedStatuses":[]}],"history":{"statistic":{"failed":0,"broken":1,"skipped":0,"passed":3,"unknown":0,"total":4},"items":[{"uid":"3234f9c84990f7cd","status":"passed","time":{"start":1761130254400,"stop":1761130273678,"duration":19278}},{"uid":"d6f0d4f39679aa02","status":"passed","time":{"start":1761129332039,"stop":1761129350001,"duration":17962}},{"uid":"a92a047074d0016d","status":"passed","time":{"start":1761129011413,"stop":1761129028880,"duration":17467}}]},"tags":[]},"source":"7fd2609ad1db844d.json","parameterValues":[]}